<?xml version="1.0" encoding="UTF-8"?>
<testsuite xmlns:xsi="http://www.w3.org/2001/XMLSchema-instance" xsi:noNamespaceSchemaLocation="https://maven.apache.org/surefire/maven-surefire-plugin/xsd/surefire-test-report-3.0.xsd" version="3.0" name="TestSuite" time="14.034" tests="30" errors="0" skipped="0" failures="7">
  <properties>
    <property name="java.specification.version" value="18"/>
    <property name="test.env" value="QA"/>
    <property name="sun.jnu.encoding" value="UTF-8"/>
    <property name="java.class.path" value="/Users/hsudarshan/WORK/ApiFramework/target/test-classes:/Users/hsudarshan/WORK/ApiFramework/target/classes:/Users/hsudarshan/.m2/repository/io/rest-assured/rest-assured/5.2.0/rest-assured-5.2.0.jar:/Users/hsudarshan/.m2/repository/org/apache/groovy/groovy/4.0.1/groovy-4.0.1.jar:/Users/hsudarshan/.m2/repository/org/apache/groovy/groovy-xml/4.0.1/groovy-xml-4.0.1.jar:/Users/hsudarshan/.m2/repository/org/apache/httpcomponents/httpclient/4.5.13/httpclient-4.5.13.jar:/Users/hsudarshan/.m2/repository/org/apache/httpcomponents/httpcore/4.4.13/httpcore-4.4.13.jar:/Users/hsudarshan/.m2/repository/commons-logging/commons-logging/1.2/commons-logging-1.2.jar:/Users/hsudarshan/.m2/repository/commons-codec/commons-codec/1.11/commons-codec-1.11.jar:/Users/hsudarshan/.m2/repository/org/apache/httpcomponents/httpmime/4.5.13/httpmime-4.5.13.jar:/Users/hsudarshan/.m2/repository/org/hamcrest/hamcrest/2.1/hamcrest-2.1.jar:/Users/hsudarshan/.m2/repository/org/ccil/cowan/tagsoup/tagsoup/1.2.1/tagsoup-1.2.1.jar:/Users/hsudarshan/.m2/repository/io/rest-assured/json-path/5.2.0/json-path-5.2.0.jar:/Users/hsudarshan/.m2/repository/org/apache/groovy/groovy-json/4.0.1/groovy-json-4.0.1.jar:/Users/hsudarshan/.m2/repository/io/rest-assured/rest-assured-common/5.2.0/rest-assured-common-5.2.0.jar:/Users/hsudarshan/.m2/repository/io/rest-assured/xml-path/5.2.0/xml-path-5.2.0.jar:/Users/hsudarshan/.m2/repository/org/apache/logging/log4j/log4j-api/2.17.1/log4j-api-2.17.1.jar:/Users/hsudarshan/.m2/repository/org/apache/logging/log4j/log4j-core/2.17.1/log4j-core-2.17.1.jar:/Users/hsudarshan/.m2/repository/org/apache/logging/log4j/log4j-slf4j-impl/2.17.1/log4j-slf4j-impl-2.17.1.jar:/Users/hsudarshan/.m2/repository/org/slf4j/slf4j-api/1.7.25/slf4j-api-1.7.25.jar:/Users/hsudarshan/.m2/repository/net/sourceforge/jexcelapi/jxl/2.6.12/jxl-2.6.12.jar:/Users/hsudarshan/.m2/repository/log4j/log4j/1.2.14/log4j-1.2.14.jar:/Users/hsudarshan/.m2/repository/org/apache/commons/commons-lang3/3.12.0/commons-lang3-3.12.0.jar:/Users/hsudarshan/.m2/repository/commons-io/commons-io/1.3.2/commons-io-1.3.2.jar:/Users/hsudarshan/.m2/repository/com/fasterxml/jackson/core/jackson-core/2.13.4/jackson-core-2.13.4.jar:/Users/hsudarshan/.m2/repository/com/fasterxml/jackson/core/jackson-databind/2.13.4/jackson-databind-2.13.4.jar:/Users/hsudarshan/.m2/repository/com/fasterxml/jackson/core/jackson-annotations/2.13.4/jackson-annotations-2.13.4.jar:/Users/hsudarshan/.m2/repository/org/testng/testng/7.6.1/testng-7.6.1.jar:/Users/hsudarshan/.m2/repository/com/google/code/findbugs/jsr305/3.0.2/jsr305-3.0.2.jar:/Users/hsudarshan/.m2/repository/com/beust/jcommander/1.82/jcommander-1.82.jar:/Users/hsudarshan/.m2/repository/org/webjars/jquery/3.6.0/jquery-3.6.0.jar:/Users/hsudarshan/.m2/repository/org/projectlombok/lombok/1.18.24/lombok-1.18.24.jar:/Users/hsudarshan/.m2/repository/com/github/javafaker/javafaker/1.0.2/javafaker-1.0.2.jar:/Users/hsudarshan/.m2/repository/org/yaml/snakeyaml/1.23/snakeyaml-1.23-android.jar:/Users/hsudarshan/.m2/repository/com/github/mifmif/generex/1.0.2/generex-1.0.2.jar:/Users/hsudarshan/.m2/repository/dk/brics/automaton/automaton/1.11-8/automaton-1.11-8.jar:/Users/hsudarshan/.m2/repository/org/apache/commons/commons-collections4/4.4/commons-collections4-4.4.jar:"/>
    <property name="java.vm.vendor" value="Oracle Corporation"/>
    <property name="sun.arch.data.model" value="64"/>
    <property name="java.vendor.url" value="https://java.oracle.com/"/>
    <property name="user.timezone" value="Asia/Kolkata"/>
    <property name="os.name" value="Mac OS X"/>
    <property name="java.vm.specification.version" value="18"/>
    <property name="sun.java.launcher" value="SUN_STANDARD"/>
    <property name="user.country" value="IN"/>
    <property name="sun.boot.library.path" value="/Library/Java/JavaVirtualMachines/jdk-18.0.2.1.jdk/Contents/Home/lib"/>
    <property name="sun.java.command" value="/Users/hsudarshan/WORK/ApiFramework/target/surefire/surefirebooter-20220918174849573_3.jar /Users/hsudarshan/WORK/ApiFramework/target/surefire 2022-09-18T17-48-37_401-jvmRun1 surefire-20220918174849573_1tmp surefire_0-20220918174849573_2tmp"/>
    <property name="jdk.debug" value="release"/>
    <property name="surefire.test.class.path" value="/Users/hsudarshan/WORK/ApiFramework/target/test-classes:/Users/hsudarshan/WORK/ApiFramework/target/classes:/Users/hsudarshan/.m2/repository/io/rest-assured/rest-assured/5.2.0/rest-assured-5.2.0.jar:/Users/hsudarshan/.m2/repository/org/apache/groovy/groovy/4.0.1/groovy-4.0.1.jar:/Users/hsudarshan/.m2/repository/org/apache/groovy/groovy-xml/4.0.1/groovy-xml-4.0.1.jar:/Users/hsudarshan/.m2/repository/org/apache/httpcomponents/httpclient/4.5.13/httpclient-4.5.13.jar:/Users/hsudarshan/.m2/repository/org/apache/httpcomponents/httpcore/4.4.13/httpcore-4.4.13.jar:/Users/hsudarshan/.m2/repository/commons-logging/commons-logging/1.2/commons-logging-1.2.jar:/Users/hsudarshan/.m2/repository/commons-codec/commons-codec/1.11/commons-codec-1.11.jar:/Users/hsudarshan/.m2/repository/org/apache/httpcomponents/httpmime/4.5.13/httpmime-4.5.13.jar:/Users/hsudarshan/.m2/repository/org/hamcrest/hamcrest/2.1/hamcrest-2.1.jar:/Users/hsudarshan/.m2/repository/org/ccil/cowan/tagsoup/tagsoup/1.2.1/tagsoup-1.2.1.jar:/Users/hsudarshan/.m2/repository/io/rest-assured/json-path/5.2.0/json-path-5.2.0.jar:/Users/hsudarshan/.m2/repository/org/apache/groovy/groovy-json/4.0.1/groovy-json-4.0.1.jar:/Users/hsudarshan/.m2/repository/io/rest-assured/rest-assured-common/5.2.0/rest-assured-common-5.2.0.jar:/Users/hsudarshan/.m2/repository/io/rest-assured/xml-path/5.2.0/xml-path-5.2.0.jar:/Users/hsudarshan/.m2/repository/org/apache/logging/log4j/log4j-api/2.17.1/log4j-api-2.17.1.jar:/Users/hsudarshan/.m2/repository/org/apache/logging/log4j/log4j-core/2.17.1/log4j-core-2.17.1.jar:/Users/hsudarshan/.m2/repository/org/apache/logging/log4j/log4j-slf4j-impl/2.17.1/log4j-slf4j-impl-2.17.1.jar:/Users/hsudarshan/.m2/repository/org/slf4j/slf4j-api/1.7.25/slf4j-api-1.7.25.jar:/Users/hsudarshan/.m2/repository/net/sourceforge/jexcelapi/jxl/2.6.12/jxl-2.6.12.jar:/Users/hsudarshan/.m2/repository/log4j/log4j/1.2.14/log4j-1.2.14.jar:/Users/hsudarshan/.m2/repository/org/apache/commons/commons-lang3/3.12.0/commons-lang3-3.12.0.jar:/Users/hsudarshan/.m2/repository/commons-io/commons-io/1.3.2/commons-io-1.3.2.jar:/Users/hsudarshan/.m2/repository/com/fasterxml/jackson/core/jackson-core/2.13.4/jackson-core-2.13.4.jar:/Users/hsudarshan/.m2/repository/com/fasterxml/jackson/core/jackson-databind/2.13.4/jackson-databind-2.13.4.jar:/Users/hsudarshan/.m2/repository/com/fasterxml/jackson/core/jackson-annotations/2.13.4/jackson-annotations-2.13.4.jar:/Users/hsudarshan/.m2/repository/org/testng/testng/7.6.1/testng-7.6.1.jar:/Users/hsudarshan/.m2/repository/com/google/code/findbugs/jsr305/3.0.2/jsr305-3.0.2.jar:/Users/hsudarshan/.m2/repository/com/beust/jcommander/1.82/jcommander-1.82.jar:/Users/hsudarshan/.m2/repository/org/webjars/jquery/3.6.0/jquery-3.6.0.jar:/Users/hsudarshan/.m2/repository/org/projectlombok/lombok/1.18.24/lombok-1.18.24.jar:/Users/hsudarshan/.m2/repository/com/github/javafaker/javafaker/1.0.2/javafaker-1.0.2.jar:/Users/hsudarshan/.m2/repository/org/yaml/snakeyaml/1.23/snakeyaml-1.23-android.jar:/Users/hsudarshan/.m2/repository/com/github/mifmif/generex/1.0.2/generex-1.0.2.jar:/Users/hsudarshan/.m2/repository/dk/brics/automaton/automaton/1.11-8/automaton-1.11-8.jar:/Users/hsudarshan/.m2/repository/org/apache/commons/commons-collections4/4.4/commons-collections4-4.4.jar:"/>
    <property name="sun.cpu.endian" value="little"/>
    <property name="user.home" value="/Users/hsudarshan"/>
    <property name="user.language" value="en"/>
    <property name="java.specification.vendor" value="Oracle Corporation"/>
    <property name="java.version.date" value="2022-08-18"/>
    <property name="suiteFile" value="src/test/resources/TestNG/apiRegression.xml"/>
    <property name="java.home" value="/Library/Java/JavaVirtualMachines/jdk-18.0.2.1.jdk/Contents/Home"/>
    <property name="file.separator" value="/"/>
    <property name="basedir" value="/Users/hsudarshan/WORK/ApiFramework"/>
    <property name="java.vm.compressedOopsMode" value="Zero based"/>
    <property name="line.separator" value="&#10;"/>
    <property name="java.specification.name" value="Java Platform API Specification"/>
    <property name="java.vm.specification.vendor" value="Oracle Corporation"/>
    <property name="apple.awt.application.name" value="ForkedBooter"/>
    <property name="surefire.real.class.path" value="/Users/hsudarshan/WORK/ApiFramework/target/surefire/surefirebooter-20220918174849573_3.jar"/>
    <property name="sun.management.compiler" value="HotSpot 64-Bit Tiered Compilers"/>
    <property name="java.runtime.version" value="18.0.2.1+1-1"/>
    <property name="user.name" value="hsudarshan"/>
    <property name="path.separator" value=":"/>
    <property name="os.version" value="12.3"/>
    <property name="java.runtime.name" value="Java(TM) SE Runtime Environment"/>
    <property name="file.encoding" value="UTF-8"/>
    <property name="java.vm.name" value="Java HotSpot(TM) 64-Bit Server VM"/>
    <property name="localRepository" value="/Users/hsudarshan/.m2/repository"/>
    <property name="java.vendor.url.bug" value="https://bugreport.java.com/bugreport/"/>
    <property name="java.io.tmpdir" value="/var/folders/fb/8hp9lcz92bxdzwwc6ysr61x80000gp/T/"/>
    <property name="java.version" value="18.0.2.1"/>
    <property name="user.dir" value="/Users/hsudarshan/WORK/ApiFramework/target"/>
    <property name="os.arch" value="aarch64"/>
    <property name="java.vm.specification.name" value="Java Virtual Machine Specification"/>
    <property name="native.encoding" value="US-ASCII"/>
    <property name="java.library.path" value="/Users/hsudarshan/Library/Java/Extensions:/Library/Java/Extensions:/Network/Library/Java/Extensions:/System/Library/Java/Extensions:/usr/lib/java:."/>
    <property name="java.vm.info" value="mixed mode, sharing"/>
    <property name="java.vendor" value="Oracle Corporation"/>
    <property name="java.vm.version" value="18.0.2.1+1-1"/>
    <property name="sun.io.unicode.encoding" value="UnicodeBig"/>
    <property name="java.class.version" value="62.0"/>
  </properties>
  <testcase name="createPetsTest[4, null_status, ALL_VALID, 200, , org.testng.TestRunner@176c5469](4)" classname="com.sample.api.tests.PetsTests" time="2.576">
    <system-out><![CDATA[22/09/18 17:48:51 INFO base.BaseTest: Initilizing environment  QA
22/09/18 17:48:51 INFO utils.ExcelUtility: startRow=0, endRow=13, startCol=0, endCol=6
22/09/18 17:48:52 INFO restservice.RestAPIExecutor: POST Request URLhttps://petstore.swagger.io/v2/pet
22/09/18 17:48:52 INFO restservice.RestAPIExecutor: POST Request URLhttps://petstore.swagger.io/v2/pet
22/09/18 17:48:52 INFO restservice.RestAPIExecutor: POST Request URLhttps://petstore.swagger.io/v2/pet
22/09/18 17:48:52 INFO restservice.RestAPIExecutor: POST Request URLhttps://petstore.swagger.io/v2/pet
22/09/18 17:48:52 INFO restservice.RestAPIExecutor: POST Request URLhttps://petstore.swagger.io/v2/pet
22/09/18 17:48:52 INFO restservice.RestAPIExecutor: POST Request URLhttps://petstore.swagger.io/v2/pet
22/09/18 17:48:52 INFO restservice.RestAPIExecutor: POST Request URLhttps://petstore.swagger.io/v2/pet
22/09/18 17:48:52 INFO restservice.RestAPIExecutor: POST Request URLhttps://petstore.swagger.io/v2/pet
22/09/18 17:48:52 INFO restservice.RestAPIExecutor: POST Request URLhttps://petstore.swagger.io/v2/pet
22/09/18 17:48:52 INFO restservice.RestAPIExecutor: POST Request URLhttps://petstore.swagger.io/v2/pet
22/09/18 17:48:54 INFO restservice.RestAPIExecutor: Response Body {"id":59868,"category":{"id":73425,"name":"elk"},"name":"Izzy Backyet","photoUrls":["www.fletcher-roob.info","www.ashanti-schmidt.info"],"tags":[{"id":16041,"name":"Miquel Waters I"}]}
22/09/18 17:48:54 INFO restservice.RestAPIExecutor: Response Body {"id":37914,"category":{"id":49205,"name":"prairie dog"},"name":"Hy Ball","photoUrls":["www.gabriel-ratke.biz","www.keven-jacobson.net"],"tags":[{"id":0,"name":"Jennefer Hills"}],"status":"Available"}
22/09/18 17:48:54 INFO restservice.RestAPIExecutor: Request Headers {accept=application/json, Content-Type=application/json}
22/09/18 17:48:54 INFO restservice.RestAPIExecutor: Response Body {"id":96570,"category":{"id":24290,"name":"hamster"},"name":"Chris P. Bacon","photoUrls":[],"tags":[{"id":39027,"name":"Darrin McGlynn"}],"status":"Available"}
22/09/18 17:48:54 INFO restservice.RestAPIExecutor: Request Headers {accept=application/json, Content-Type=application/json}
22/09/18 17:48:54 INFO restservice.RestAPIExecutor: Request Body  {"id":96570,"category":{"id":24290,"name":"hamster"},"name":"Chris P. Bacon","photoUrls":[],"tags":[{"id":39027,"name":"Darrin McGlynn"}],"status":"Available"}
22/09/18 17:48:54 INFO restservice.RestAPIExecutor: Response Body {"id":9223372016900017799,"category":{"id":56577,"name":"elk"},"name":"Alec Tricity","photoUrls":["www.zoila-wolf.net","www.chelsea-lowe.org"],"tags":[{"id":49020,"name":"Mr. Willia Conn"}],"status":"Available"}
22/09/18 17:48:54 INFO restservice.RestAPIExecutor: Request Headers {accept=application/json, Content-Type=application/json}
22/09/18 17:48:54 INFO restservice.RestAPIExecutor: Request Body  {"category":{"id":56577,"name":"elk"},"name":"Alec Tricity","photoUrls":["www.zoila-wolf.net","www.chelsea-lowe.org"],"tags":[{"id":49020,"name":"Mr. Willia Conn"}],"status":"Available"}
22/09/18 17:48:54 INFO restservice.RestAPIExecutor: Response Body {"id":73699,"category":{"id":66448,"name":"trout"},"name":"Oren Jellow","photoUrls":[],"tags":[{"id":89742,"name":"Blake Simonis"}],"status":"Available"}
22/09/18 17:48:54 INFO restservice.RestAPIExecutor: Request Headers {accept=application/json, Content-Type=application/json}
22/09/18 17:48:54 INFO restservice.RestAPIExecutor: Request Body  {"id":73699,"category":{"id":66448,"name":"trout"},"name":"Oren Jellow","tags":[{"id":89742,"name":"Blake Simonis"}],"status":"Available"}
22/09/18 17:48:54 INFO restservice.RestAPIExecutor: Request Headers {accept=application/json, Content-Type=application/json}
22/09/18 17:48:54 INFO restservice.RestAPIExecutor: Request Body  {"id":59868,"category":{"id":73425,"name":"elk"},"name":"Izzy Backyet","photoUrls":["www.fletcher-roob.info","www.ashanti-schmidt.info"],"tags":[{"id":16041,"name":"Miquel Waters I"}]}
22/09/18 17:48:54 INFO restservice.RestAPIExecutor: Response Body {"id":9223372016900017798,"category":{"id":23820,"name":"wildebeest"},"name":"Ed Venture","photoUrls":["www.gregg-krajcik.com","www.pamula-windler.co"],"tags":[{"id":75099,"name":"Sterling Stroman"}],"status":"Available"}
22/09/18 17:48:54 INFO restservice.RestAPIExecutor: Request Headers {accept=application/json, Content-Type=application/json}
22/09/18 17:48:54 INFO restservice.RestAPIExecutor: Request Body  {"category":{"id":23820,"name":"wildebeest"},"name":"Ed Venture","photoUrls":["www.gregg-krajcik.com","www.pamula-windler.co"],"tags":[{"id":75099,"name":"Sterling Stroman"}],"status":"Available"}
22/09/18 17:48:54 INFO restservice.RestAPIExecutor: Response Body {"id":85923,"category":{"id":83334,"name":"mosquito"},"name":"Chris Coe","photoUrls":["www.evia-watsica.co","www.jefferson-abbott.info"],"tags":[{"id":46343,"name":"Forrest Little"}]}
22/09/18 17:48:54 INFO restservice.RestAPIExecutor: Request Headers {accept=application/json, Content-Type=application/json}
22/09/18 17:48:54 INFO restservice.RestAPIExecutor: Request Body  {"id":85923,"category":{"id":83334,"name":"mosquito"},"name":"Chris Coe","photoUrls":["www.evia-watsica.co","www.jefferson-abbott.info"],"tags":[{"id":46343,"name":"Forrest Little"}]}
22/09/18 17:48:54 INFO restservice.RestAPIExecutor: Response Body {"id":2187,"category":{"id":53045,"name":"hamster"},"name":"Jeanette Akenja Nearing","photoUrls":["www.darin-olson.info","www.mack-jast.name"],"tags":[],"status":"Available"}
22/09/18 17:48:54 INFO restservice.RestAPIExecutor: Request Headers {accept=application/json, Content-Type=application/json}
22/09/18 17:48:54 INFO restservice.RestAPIExecutor: Request Body  {"id":2187,"category":{"id":53045,"name":"hamster"},"name":"Jeanette Akenja Nearing","photoUrls":["www.darin-olson.info","www.mack-jast.name"],"status":"Available"}
22/09/18 17:48:54 INFO restservice.RestAPIExecutor: Response Body {"id":21512,"category":{"id":0,"name":"yak"},"name":"Bob Ng","photoUrls":["www.hassie-funk.biz","www.hoyt-dietrich.org"],"tags":[{"id":82920,"name":"Ettie Bauch II"}],"status":"Available"}
22/09/18 17:48:54 INFO restservice.RestAPIExecutor: Request Headers {accept=application/json, Content-Type=application/json}
22/09/18 17:48:54 INFO restservice.RestAPIExecutor: Request Body  {"id":21512,"category":{"id":null,"name":"yak"},"name":"Bob Ng","photoUrls":["www.hassie-funk.biz","www.hoyt-dietrich.org"],"tags":[{"id":82920,"name":"Ettie Bauch II"}],"status":"Available"}
22/09/18 17:48:54 INFO restservice.RestAPIExecutor: Request Body  {"id":37914,"category":{"id":49205,"name":"prairie dog"},"name":"Hy Ball","photoUrls":["www.gabriel-ratke.biz","www.keven-jacobson.net"],"tags":[{"id":null,"name":"Jennefer Hills"}],"status":"Available"}
22/09/18 17:48:54 INFO restservice.RestAPIExecutor: Response Body {"id":8898,"category":{"id":49278,"name":"butterfly"},"name":"Jeff Healitt","photoUrls":["www.janita-cummerata.com","www.dillon-tremblay.biz"],"tags":[{"id":80924,"name":"Avery Jenkins"}],"status":"Available"}
22/09/18 17:48:54 INFO restservice.RestAPIExecutor: Request Headers {accept=application/json, Content-Type=application/json}
22/09/18 17:48:54 INFO restservice.RestAPIExecutor: Request Body  {"id":8898,"category":{"id":49278,"name":"butterfly"},"name":"Jeff Healitt","photoUrls":["www.janita-cummerata.com","www.dillon-tremblay.biz"],"tags":[{"id":80924,"name":"Avery Jenkins"}],"status":"Available"}
]]></system-out>
  </testcase>
  <testcase name="createPetsTest[2, Missing_id, ALL_VALID, 200, , org.testng.TestRunner@176c5469](5)" classname="com.sample.api.tests.PetsTests" time="2.577"/>
  <testcase name="createPetsTest[3, null_id, ALL_VALID, 200, , org.testng.TestRunner@176c5469](5)" classname="com.sample.api.tests.PetsTests" time="2.577"/>
  <testcase name="createPetsTest[10, Missing_tags_id, ALL_VALID, 200, , org.testng.TestRunner@176c5469](4)" classname="com.sample.api.tests.PetsTests" time="2.577"/>
  <testcase name="createPetsTest[1, ValidPet, ALL_VALID, 200, , org.testng.TestRunner@176c5469](4)" classname="com.sample.api.tests.PetsTests" time="2.577"/>
  <testcase name="createPetsTest[8, Missing_category_id, ALL_VALID, 200, , org.testng.TestRunner@176c5469](7)" classname="com.sample.api.tests.PetsTests" time="2.577"/>
  <testcase name="createPetsTest[5, missing_status, ALL_VALID, 200, , org.testng.TestRunner@176c5469](8)" classname="com.sample.api.tests.PetsTests" time="2.577"/>
  <testcase name="createPetsTest[7, empty_photoUrls, ALL_VALID, 200, , org.testng.TestRunner@176c5469](6)" classname="com.sample.api.tests.PetsTests" time="2.577"/>
  <testcase name="createPetsTest[6, missing_photoUrls, ALL_VALID, 200, , org.testng.TestRunner@176c5469](10)" classname="com.sample.api.tests.PetsTests" time="0">
    <failure message="created and actual pet are not matching expected [Pet(id=73699, category=PetsCategory(id=66448, name=trout), name=Oren Jellow, photoUrls=null, tags=[PetTag(id=89742, name=Blake Simonis)], status=Available)] but found [Pet(id=73699, category=PetsCategory(id=66448, name=trout), name=Oren Jellow, photoUrls=[], tags=[PetTag(id=89742, name=Blake Simonis)], status=Available)]" type="java.lang.AssertionError"><![CDATA[java.lang.AssertionError: created and actual pet are not matching expected [Pet(id=73699, category=PetsCategory(id=66448, name=trout), name=Oren Jellow, photoUrls=null, tags=[PetTag(id=89742, name=Blake Simonis)], status=Available)] but found [Pet(id=73699, category=PetsCategory(id=66448, name=trout), name=Oren Jellow, photoUrls=[], tags=[PetTag(id=89742, name=Blake Simonis)], status=Available)]
	at org.testng.Assert.fail(Assert.java:110)
	at org.testng.Assert.failNotEquals(Assert.java:1413)
	at org.testng.Assert.assertEqualsImpl(Assert.java:149)
	at org.testng.Assert.assertEquals(Assert.java:131)
	at com.sample.api.assertions.PetsAPIAssertions.assertCreatePetResponse(PetsAPIAssertions.java:38)
	at com.sample.api.tests.PetsTests.createPetsTest(PetsTests.java:152)
	at java.base/jdk.internal.reflect.DirectMethodHandleAccessor.invoke(DirectMethodHandleAccessor.java:104)
	at java.base/java.lang.reflect.Method.invoke(Method.java:577)
	at org.testng.internal.invokers.MethodInvocationHelper.invokeMethod(MethodInvocationHelper.java:139)
	at org.testng.internal.invokers.TestInvoker.invokeMethod(TestInvoker.java:677)
	at org.testng.internal.invokers.TestInvoker.invokeTestMethod(TestInvoker.java:221)
	at org.testng.internal.invokers.TestMethodWithDataProviderMethodWorker.call(TestMethodWithDataProviderMethodWorker.java:80)
	at org.testng.internal.invokers.TestMethodWithDataProviderMethodWorker.call(TestMethodWithDataProviderMethodWorker.java:17)
	at java.base/java.util.concurrent.FutureTask.run(FutureTask.java:264)
	at java.base/java.util.concurrent.Executors$RunnableAdapter.call(Executors.java:539)
	at java.base/java.util.concurrent.FutureTask.run(FutureTask.java:264)
	at java.base/java.util.concurrent.ThreadPoolExecutor.runWorker(ThreadPoolExecutor.java:1136)
	at java.base/java.util.concurrent.ThreadPoolExecutor$Worker.run(ThreadPoolExecutor.java:635)
	at java.base/java.lang.Thread.run(Thread.java:833)
]]></failure>
  </testcase>
  <testcase name="createPetsTest[9, Missing_tags, ALL_VALID, 200, , org.testng.TestRunner@176c5469](10)" classname="com.sample.api.tests.PetsTests" time="0">
    <failure message="created and actual pet are not matching expected [Pet(id=2187, category=PetsCategory(id=53045, name=hamster), name=Jeanette Akenja Nearing, photoUrls=[www.darin-olson.info, www.mack-jast.name], tags=null, status=Available)] but found [Pet(id=2187, category=PetsCategory(id=53045, name=hamster), name=Jeanette Akenja Nearing, photoUrls=[www.darin-olson.info, www.mack-jast.name], tags=[], status=Available)]" type="java.lang.AssertionError"><![CDATA[java.lang.AssertionError: created and actual pet are not matching expected [Pet(id=2187, category=PetsCategory(id=53045, name=hamster), name=Jeanette Akenja Nearing, photoUrls=[www.darin-olson.info, www.mack-jast.name], tags=null, status=Available)] but found [Pet(id=2187, category=PetsCategory(id=53045, name=hamster), name=Jeanette Akenja Nearing, photoUrls=[www.darin-olson.info, www.mack-jast.name], tags=[], status=Available)]
	at org.testng.Assert.fail(Assert.java:110)
	at org.testng.Assert.failNotEquals(Assert.java:1413)
	at org.testng.Assert.assertEqualsImpl(Assert.java:149)
	at org.testng.Assert.assertEquals(Assert.java:131)
	at com.sample.api.assertions.PetsAPIAssertions.assertCreatePetResponse(PetsAPIAssertions.java:38)
	at com.sample.api.tests.PetsTests.createPetsTest(PetsTests.java:152)
	at java.base/jdk.internal.reflect.DirectMethodHandleAccessor.invoke(DirectMethodHandleAccessor.java:104)
	at java.base/java.lang.reflect.Method.invoke(Method.java:577)
	at org.testng.internal.invokers.MethodInvocationHelper.invokeMethod(MethodInvocationHelper.java:139)
	at org.testng.internal.invokers.TestInvoker.invokeMethod(TestInvoker.java:677)
	at org.testng.internal.invokers.TestInvoker.invokeTestMethod(TestInvoker.java:221)
	at org.testng.internal.invokers.TestMethodWithDataProviderMethodWorker.call(TestMethodWithDataProviderMethodWorker.java:80)
	at org.testng.internal.invokers.TestMethodWithDataProviderMethodWorker.call(TestMethodWithDataProviderMethodWorker.java:17)
	at java.base/java.util.concurrent.FutureTask.run(FutureTask.java:264)
	at java.base/java.util.concurrent.Executors$RunnableAdapter.call(Executors.java:539)
	at java.base/java.util.concurrent.FutureTask.run(FutureTask.java:264)
	at java.base/java.util.concurrent.ThreadPoolExecutor.runWorker(ThreadPoolExecutor.java:1136)
	at java.base/java.util.concurrent.ThreadPoolExecutor$Worker.run(ThreadPoolExecutor.java:635)
	at java.base/java.lang.Thread.run(Thread.java:833)
]]></failure>
  </testcase>
  <testcase name="createPetsTest[12, pending_status, ALL_VALID, 200, , org.testng.TestRunner@176c5469](11)" classname="com.sample.api.tests.PetsTests" time="1.386">
    <system-out><![CDATA[22/09/18 17:48:54 INFO restservice.RestAPIExecutor: POST Request URLhttps://petstore.swagger.io/v2/pet
22/09/18 17:48:54 INFO restservice.RestAPIExecutor: POST Request URLhttps://petstore.swagger.io/v2/pet
22/09/18 17:48:55 INFO restservice.RestAPIExecutor: Response Body {"id":9834,"category":{"id":93998,"name":"ox"},"name":"Lee Nover","photoUrls":["www.felicitas-fay.info","www.ollie-hane.info"],"tags":[{"id":9572,"name":"Ji Fisher"}],"status":"pending"}
22/09/18 17:48:55 INFO restservice.RestAPIExecutor: Request Headers {accept=application/json, Content-Type=application/json}
22/09/18 17:48:55 INFO restservice.RestAPIExecutor: Request Body  {"id":9834,"category":{"id":93998,"name":"ox"},"name":"Lee Nover","photoUrls":["www.felicitas-fay.info","www.ollie-hane.info"],"tags":[{"id":9572,"name":"Ji Fisher"}],"status":"pending"}
22/09/18 17:48:55 INFO restservice.RestAPIExecutor: Response Body {"id":62886,"category":{"id":82253,"name":"mouse"},"name":"Simon Swindells","photoUrls":["www.emeline-rice.net","www.michiko-macgyver.io"],"tags":[{"id":70358,"name":"Mr. Ramiro O'Reilly"}],"status":"available"}
22/09/18 17:48:55 INFO restservice.RestAPIExecutor: Request Headers {accept=application/json, Content-Type=application/json}
22/09/18 17:48:55 INFO restservice.RestAPIExecutor: Request Body  {"id":62886,"category":{"id":82253,"name":"mouse"},"name":"Simon Swindells","photoUrls":["www.emeline-rice.net","www.michiko-macgyver.io"],"tags":[{"id":70358,"name":"Mr. Ramiro O'Reilly"}],"status":"available"}
]]></system-out>
  </testcase>
  <testcase name="createPetsTest[11, available_status, ALL_VALID, 200, , org.testng.TestRunner@176c5469](12)" classname="com.sample.api.tests.PetsTests" time="1.386"/>
  <testcase name="getPetsByStatusTest[5, available_status, 1, null, ALL_VALID, 200, , org.testng.TestRunner@621b2650](1)" classname="com.sample.api.tests.PetsTests" time="2.657">
    <system-out><![CDATA[22/09/18 17:48:55 INFO restservice.RestAPIExecutor: startRow=0, endRow=7, startCol=0, endCol=8
22/09/18 17:48:55 INFO restservice.RestAPIExecutor: POST Request URLhttps://petstore.swagger.io/v2/pet
22/09/18 17:48:55 INFO restservice.RestAPIExecutor: POST Request URLhttps://petstore.swagger.io/v2/pet
22/09/18 17:48:55 INFO restservice.RestAPIExecutor: POST Request URLhttps://petstore.swagger.io/v2/pet
22/09/18 17:48:55 INFO restservice.RestAPIExecutor: POST Request URLhttps://petstore.swagger.io/v2/pet
22/09/18 17:48:55 INFO restservice.RestAPIExecutor: POST Request URLhttps://petstore.swagger.io/v2/pet
22/09/18 17:48:55 INFO restservice.RestAPIExecutor: POST Request URLhttps://petstore.swagger.io/v2/pet
22/09/18 17:48:57 INFO restservice.RestAPIExecutor: Response Body {"id":8906,"category":{"id":82476,"name":"bat"},"name":"Melba Crisp","photoUrls":["www.stuart-thiel.info","www.shannon-dickens.io"],"tags":[{"id":81958,"name":"Ashlee Hartmann"}],"status":"available"}
22/09/18 17:48:57 INFO restservice.RestAPIExecutor: Request Headers {accept=application/json, Content-Type=application/json}
22/09/18 17:48:57 INFO restservice.RestAPIExecutor: Request Body  {"id":8906,"category":{"id":82476,"name":"bat"},"name":"Melba Crisp","photoUrls":["www.stuart-thiel.info","www.shannon-dickens.io"],"tags":[{"id":81958,"name":"Ashlee Hartmann"}],"status":"available"}
22/09/18 17:48:57 INFO restservice.RestAPIExecutor: GET Request URLhttps://petstore.swagger.io/v2/pet/findByStatus
22/09/18 17:48:57 INFO restservice.RestAPIExecutor: Response Body {"id":34491,"category":{"id":46770,"name":"leopard"},"name":"Penny Profit","photoUrls":["www.tristan-smitham.org","www.clark-langosh.org"],"tags":[{"id":22482,"name":"Miguelina Schultz"}],"status":"invalid"}
22/09/18 17:48:57 INFO restservice.RestAPIExecutor: Request Headers {accept=application/json, Content-Type=application/json}
22/09/18 17:48:57 INFO restservice.RestAPIExecutor: Request Body  {"id":34491,"category":{"id":46770,"name":"leopard"},"name":"Penny Profit","photoUrls":["www.tristan-smitham.org","www.clark-langosh.org"],"tags":[{"id":22482,"name":"Miguelina Schultz"}],"status":"invalid"}
22/09/18 17:48:57 INFO restservice.RestAPIExecutor: GET Request URLhttps://petstore.swagger.io/v2/pet/findByStatus
22/09/18 17:48:57 INFO restservice.RestAPIExecutor: Response Body {"id":38167,"category":{"id":57976,"name":"sardine"},"name":"Lisa Honda","photoUrls":["www.buster-swaniawski.name","www.ruben-franecki.co"],"tags":[{"id":44667,"name":"Frankie Russel"}],"status":"sold"}
22/09/18 17:48:57 INFO restservice.RestAPIExecutor: Response Body {"id":55639,"category":{"id":7141,"name":"fox"},"name":"Dee Major","photoUrls":["www.marty-johns.co","www.millard-pagac.info"],"tags":[{"id":7089,"name":"Bill Daugherty"}],"status":"available"}
22/09/18 17:48:57 INFO restservice.RestAPIExecutor: Request Headers {accept=application/json, Content-Type=application/json}
22/09/18 17:48:57 INFO restservice.RestAPIExecutor: Request Body  {"id":38167,"category":{"id":57976,"name":"sardine"},"name":"Lisa Honda","photoUrls":["www.buster-swaniawski.name","www.ruben-franecki.co"],"tags":[{"id":44667,"name":"Frankie Russel"}],"status":"sold"}
22/09/18 17:48:57 INFO restservice.RestAPIExecutor: Request Headers {accept=application/json, Content-Type=application/json}
22/09/18 17:48:57 INFO restservice.RestAPIExecutor: Request Body  {"id":55639,"category":{"id":7141,"name":"fox"},"name":"Dee Major","photoUrls":["www.marty-johns.co","www.millard-pagac.info"],"tags":[{"id":7089,"name":"Bill Daugherty"}],"status":"available"}
22/09/18 17:48:57 INFO restservice.RestAPIExecutor: GET Request URLhttps://petstore.swagger.io/v2/pet/findByStatus
22/09/18 17:48:57 INFO restservice.RestAPIExecutor: Response Body {"id":18474,"category":{"id":63728,"name":"sea lion"},"name":"Bess Twishes","photoUrls":["www.adelia-mayer.name","www.yanira-breitenberg.net"],"tags":[{"id":28027,"name":"Doloris Predovic"}],"status":"available"}
22/09/18 17:48:57 INFO restservice.RestAPIExecutor: Request Headers {accept=application/json, Content-Type=application/json}
22/09/18 17:48:57 INFO restservice.RestAPIExecutor: Request Body  {"id":18474,"category":{"id":63728,"name":"sea lion"},"name":"Bess Twishes","photoUrls":["www.adelia-mayer.name","www.yanira-breitenberg.net"],"tags":[{"id":28027,"name":"Doloris Predovic"}],"status":"available"}
22/09/18 17:48:57 INFO restservice.RestAPIExecutor: GET Request URLhttps://petstore.swagger.io/v2/pet/findByStatus
22/09/18 17:48:57 INFO restservice.RestAPIExecutor: Response Body {"id":62786,"category":{"id":95848,"name":"spider"},"name":"Ima Hogg","photoUrls":["www.krystle-williamson.name","www.katherina-herman.biz"],"tags":[{"id":20333,"name":"Anitra Torp"}],"status":"pending"}
22/09/18 17:48:57 INFO restservice.RestAPIExecutor: Request Headers {accept=application/json, Content-Type=application/json}
22/09/18 17:48:57 INFO restservice.RestAPIExecutor: Request Body  {"id":62786,"category":{"id":95848,"name":"spider"},"name":"Ima Hogg","photoUrls":["www.krystle-williamson.name","www.katherina-herman.biz"],"tags":[{"id":20333,"name":"Anitra Torp"}],"status":"pending"}
22/09/18 17:48:57 INFO restservice.RestAPIExecutor: POST Request URLhttps://petstore.swagger.io/v2/pet
22/09/18 17:48:57 INFO restservice.RestAPIExecutor: POST Request URLhttps://petstore.swagger.io/v2/pet
22/09/18 17:48:58 INFO restservice.RestAPIExecutor: Response Body []
22/09/18 17:48:58 INFO restservice.RestAPIExecutor: Request Headers {accept=application/json, Content-Type=application/json}
22/09/18 17:48:58 INFO restservice.RestAPIExecutor: Request params key status value null
]]></system-out>
  </testcase>
  <testcase name="getPetsByStatusTest[4, invalid_status, 1, invalid, ALL_VALID, 200, , org.testng.TestRunner@621b2650](2)" classname="com.sample.api.tests.PetsTests" time="2.66">
    <system-out><![CDATA[22/09/18 17:48:58 INFO restservice.RestAPIExecutor: Response Body [{"id":34491,"category":{"id":46770,"name":"leopard"},"name":"Penny Profit","photoUrls":["www.tristan-smitham.org","www.clark-langosh.org"],"tags":[{"id":22482,"name":"Miguelina Schultz"}],"status":"invalid"}]
22/09/18 17:48:58 INFO restservice.RestAPIExecutor: Request Headers {accept=application/json, Content-Type=application/json}
22/09/18 17:48:58 INFO restservice.RestAPIExecutor: Request params key status value invalid
]]></system-out>
  </testcase>
  <testcase name="getPetsByStatusTest[6, available_status, 1, empty, ALL_VALID, 200, , org.testng.TestRunner@621b2650](3)" classname="com.sample.api.tests.PetsTests" time="2.701">
    <system-out><![CDATA[22/09/18 17:48:58 INFO restservice.RestAPIExecutor: Response Body []
22/09/18 17:48:58 INFO restservice.RestAPIExecutor: Response Body {"id":49071,"category":{"id":62909,"name":"rabbit"},"name":"Molly Kuehl","photoUrls":["www.levi-sporer.com","www.erick-king.name"],"tags":[{"id":66735,"name":"Ray Oberbrunner I"}],"status":"sold"}
22/09/18 17:48:58 INFO restservice.RestAPIExecutor: Request Headers {accept=application/json, Content-Type=application/json}
22/09/18 17:48:58 INFO restservice.RestAPIExecutor: Request Headers {accept=application/json, Content-Type=application/json}
22/09/18 17:48:58 INFO restservice.RestAPIExecutor: Request params key status value empty
22/09/18 17:48:58 INFO restservice.RestAPIExecutor: Request Body  {"id":49071,"category":{"id":62909,"name":"rabbit"},"name":"Molly Kuehl","photoUrls":["www.levi-sporer.com","www.erick-king.name"],"tags":[{"id":66735,"name":"Ray Oberbrunner I"}],"status":"sold"}
22/09/18 17:48:58 INFO restservice.RestAPIExecutor: GET Request URLhttps://petstore.swagger.io/v2/pet/findByStatus
]]></system-out>
  </testcase>
  <testcase name="getPetsByStatusTest[2, available_status, 1, available, ALL_VALID, 200, , org.testng.TestRunner@621b2650](4)" classname="com.sample.api.tests.PetsTests" time="3.371">
    <system-out><![CDATA[22/09/18 17:48:58 INFO restservice.RestAPIExecutor: Response Body {"id":42990,"category":{"id":18385,"name":"muskrat"},"name":"Dennis Toffice","photoUrls":["www.herbert-fisher.info","www.sylvester-swift.co"],"tags":[{"id":34806,"name":"Genoveva Kshlerin"}],"status":"pending"}
22/09/18 17:48:58 INFO restservice.RestAPIExecutor: Request Headers {accept=application/json, Content-Type=application/json}
22/09/18 17:48:58 INFO restservice.RestAPIExecutor: Request Body  {"id":42990,"category":{"id":18385,"name":"muskrat"},"name":"Dennis Toffice","photoUrls":["www.herbert-fisher.info","www.sylvester-swift.co"],"tags":[{"id":34806,"name":"Genoveva Kshlerin"}],"status":"pending"}
22/09/18 17:48:58 INFO restservice.RestAPIExecutor: GET Request URLhttps://petstore.swagger.io/v2/pet/findByStatus
22/09/18 17:48:58 INFO restservice.RestAPIExecutor: Response Body [{"id":9223372016900016873,"name":"Kuba","photoUrls":[],"tags":[],"status":"available"},{"id":9223372016900016874,"category":{"id":0,"name":"cat"},"name":"dogg","photoUrls":["string"],"tags":[{"id":0,"name":"string"}],"status":"available"},{"id":9223372016900016875,"category":{"id":0,"name":"string"},"name":"fish","photoUrls":["string"],"tags":[{"id":0,"name":"string"}],"status":"available"},{"id":9223372016900016876,"category":{"id":0,"name":"string"},"name":"fish","photoUrls":["string"],"tags":[{"id":0,"name":"string"}],"status":"available"},{"id":9223372016900016877,"category":{"id":0,"name":"string"},"name":"doggie","photoUrls":["string"],"tags":[{"id":0,"name":"string"}],"status":"available"},{"id":9223372016900016880,"category":{"id":0,"name":"string"},"name":"doggie","photoUrls":["string"],"tags":[{"id":0,"name":"string"}],"status":"available"},{"id":9223372016900016884,"name":"doggie","photoUrls":["string"],"tags":[],"status":"available"},{"id":9223372016900016885,"category":{"id":0,"name":"string"},"name":"doggie","photoUrls":["string"],"tags":[{"id":0,"name":"string"}],"status":"available"},{"id":9223372016900016886,"category":{"id":0,"name":"string"},"name":"doggie","photoUrls":["string"],"tags":[{"id":0,"name":"string"}],"status":"available"},{"id":9223372016900016887,"category":{"id":0,"name":"string"},"name":"doggie","photoUrls":["string"],"tags":[{"id":0,"name":"string"}],"status":"available"},{"id":9223372016900016888,"category":{"id":0,"name":"string"},"name":"doggie","photoUrls":["string"],"tags":[{"id":0,"name":"string"}],"status":"available"},{"id":9223372016900016889,"category":{"id":0,"name":"string"},"name":"doggie","photoUrls":["string"],"tags":[{"id":0,"name":"string"}],"status":"available"},{"id":9223372016900016890,"category":{"id":0,"name":"string"},"name":"doggie","photoUrls":["string"],"tags":[{"id":0,"name":"string"}],"status":"available"},{"id":200,"category":{"id":10,"name":"HGGF"},"name":"dog","photoUrls":["google"],"tags":[{"id":20,"name":"CDF"}],"status":"available"},{"id":9223372016900016891,"category":{"id":0,"name":"string"},"name":"doggie","photoUrls":["string"],"tags":[{"id":0,"name":"string"}],"status":"available"},{"id":9223372016900016892,"category":{"id":0,"name":"string"},"name":"doggie","photoUrls":["string"],"tags":[{"id":0,"name":"string"}],"status":"available"},{"id":9223372016900016893,"category":{"id":0,"name":"string"},"name":"doggie","photoUrls":["string"],"tags":[{"id":0,"name":"string"}],"status":"available"},{"id":9223372016900016894,"category":{"id":0,"name":"string"},"name":"doggie","photoUrls":["string"],"tags":[{"id":0,"name":"string"}],"status":"available"},{"id":9223372016900016895,"category":{"id":0,"name":"string"},"name":"doggie","photoUrls":["string"],"tags":[{"id":0,"name":"string"}],"status":"available"},{"id":9223372016900016896,"category":{"id":0,"name":"string"},"name":"doggie","photoUrls":["string"],"tags":[{"id":0,"name":"string"}],"status":"available"},{"id":9223372016900016897,"category":{"id":0,"name":"string"},"name":"doggie","photoUrls":["string"],"tags":[{"id":0,"name":"string"}],"status":"available"},{"id":9223372016900016898,"category":{"id":0,"name":"string"},"name":"doggie","photoUrls":["string"],"tags":[{"id":0,"name":"string"}],"status":"available"},{"id":9223372016900016899,"category":{"id":0,"name":"string"},"name":"doggie","photoUrls":["string"],"tags":[{"id":0,"name":"string"}],"status":"available"},{"id":9223372016900016900,"category":{"id":0,"name":"string"},"name":"doggie","photoUrls":["string"],"tags":[{"id":0,"name":"string"}],"status":"available"},{"id":9223372016900016901,"category":{"id":0,"name":"string"},"name":"doggie","photoUrls":["string"],"tags":[{"id":0,"name":"string"}],"status":"available"},{"id":9223372016900016902,"category":{"id":0,"name":"string"},"name":"doggie","photoUrls":["string"],"tags":[{"id":0,"name":"string"}],"status":"available"},{"id":9223372016900016903,"category":{"id":0,"name":"string"},"name":"doggie","photoUrls":["string"],"tags":[{"id":0,"name":"string"}],"status":"available"},{"id":9223372016900016904,"category":{"id":0,"name":"string"},"name":"fish","photoUrls":["string"],"tags":[{"id":0,"name":"string"}],"status":"available"},{"id":9223372016900016905,"category":{"id":0,"name":"string"},"name":"fish","photoUrls":["string"],"tags":[{"id":0,"name":"string"}],"status":"available"},{"id":9223372016900016908,"category":{"id":0,"name":"string"},"name":"fish","photoUrls":["string"],"tags":[{"id":0,"name":"string"}],"status":"available"},{"id":9223372016900016919,"category":{"id":0,"name":"string"},"name":"fish","photoUrls":["string"],"tags":[{"id":0,"name":"string"}],"status":"available"},{"id":9223372016900016922,"category":{"id":0,"name":"string"},"name":"fish","photoUrls":["string"],"tags":[{"id":0,"name":"string"}],"status":"available"},{"id":9223372016900016923,"category":{"id":0,"name":"string"},"name":"fish","photoUrls":["string"],"tags":[{"id":0,"name":"string"}],"status":"available"},{"id":9223372016900016924,"category":{"id":0,"name":"string"},"name":"fish","photoUrls":["string"],"tags":[{"id":0,"name":"string"}],"status":"available"},{"id":9223372016900016925,"category":{"id":0,"name":"string"},"name":"fish","photoUrls":["string"],"tags":[{"id":0,"name":"string"}],"status":"available"},{"id":9223372016900016939,"category":{"id":0,"name":"string"},"name":"fish","photoUrls":["string"],"tags":[{"id":0,"name":"string"}],"status":"available"},{"id":9223372016900016940,"category":{"id":0,"name":"string"},"name":"fish","photoUrls":["string"],"tags":[{"id":0,"name":"string"}],"status":"available"},{"id":9223372016900016945,"category":{"id":0,"name":"string"},"name":"fish","photoUrls":["string"],"tags":[{"id":0,"name":"string"}],"status":"available"},{"id":7,"category":{"id":0,"name":"cats and dogs"},"name":"dog1","photoUrls":["string"],"tags":[{"id":0,"name":"string"}],"status":"available"},{"id":9223372016900016959,"category":{"id":0,"name":"string"},"name":"Doggie","photoUrls":["string"],"tags":[{"id":0,"name":"string"}],"status":"available"},{"id":9223372016900016960,"category":{"id":0,"name":"string"},"name":"asdfasdfsadf111","photoUrls":["string"],"tags":[{"id":0,"name":"string"}],"status":"available"},{"id":9223372016900016963,"name":"Kuba","photoUrls":[],"tags":[],"status":"available"},{"id":9223372016900016966,"category":{"id":0,"name":"string"},"name":"doggie","photoUrls":["string"],"tags":[{"id":0,"name":"string"}],"status":"available"},{"id":9223372016900016967,"category":{"id":0,"name":"string"},"name":"doggie","photoUrls":["string"],"tags":[{"id":0,"name":"string"}],"status":"available"},{"id":9223372016900016968,"category":{"id":0,"name":"string"},"name":"doggie","photoUrls":["string"],"tags":[{"id":0,"name":"string"}],"status":"available"},{"id":9223372016900016969,"category":{"id":0,"name":"string"},"name":"doggie","photoUrls":["string"],"tags":[{"id":0,"name":"string"}],"status":"available"},{"id":9223372016900016970,"category":{"id":0,"name":"string"},"name":"doggie","photoUrls":["string"],"tags":[{"id":0,"name":"string"}],"status":"available"},{"id":9223372016900016971,"category":{"id":0,"name":"string"},"name":"doggie","photoUrls":["string"],"tags":[{"id":0,"name":"string"}],"status":"available"},{"id":9223372016900016972,"category":{"id":0,"name":"string"},"name":"doggie","photoUrls":["string"],"tags":[{"id":0,"name":"string"}],"status":"available"},{"id":9223372016900016973,"category":{"id":0,"name":"string"},"name":"doggie","photoUrls":["string"],"tags":[{"id":0,"name":"string"}],"status":"available"},{"id":9223372016900016974,"category":{"id":0,"name":"string"},"name":"doggie","photoUrls":["string"],"tags":[{"id":0,"name":"string"}],"status":"available"},{"id":9223372016900016975,"category":{"id":0,"name":"string"},"name":"doggie","photoUrls":["string"],"tags":[{"id":0,"name":"string"}],"status":"available"},{"id":9223372016900016976,"category":{"id":0,"name":"string"},"name":"doggie","photoUrls":["string"],"tags":[{"id":0,"name":"string"}],"status":"available"},{"id":9223372016900016977,"category":{"id":0,"name":"string"},"name":"doggie","photoUrls":["string"],"tags":[{"id":0,"name":"string"}],"status":"available"},{"id":9223372016900016978,"category":{"id":0,"name":"string"},"name":"fish","photoUrls":["string"],"tags":[{"id":0,"name":"string"}],"status":"available"},{"id":9223372016900016979,"category":{"id":0,"name":"string"},"name":"doggie","photoUrls":["string"],"tags":[{"id":0,"name":"string"}],"status":"available"},{"id":9223372016900016980,"category":{"id":0,"name":"string"},"name":"doggie","photoUrls":["string"],"tags":[{"id":0,"name":"string"}],"status":"available"},{"id":9223372016900016981,"category":{"id":0,"name":"string"},"name":"doggie","photoUrls":["string"],"tags":[{"id":0,"name":"string"}],"status":"available"},{"id":9223372016900016982,"category":{"id":0,"name":"string"},"name":"doggie","photoUrls":["string"],"tags":[{"id":0,"name":"string"}],"status":"available"},{"id":9223372016900016983,"category":{"id":0,"name":"string"},"name":"doggie","photoUrls":["string"],"tags":[{"id":0,"name":"string"}],"status":"available"},{"id":9223372016900016984,"category":{"id":0,"name":"string"},"name":"doggie","photoUrls":["string"],"tags":[{"id":0,"name":"string"}],"status":"available"},{"id":9223372016900016985,"category":{"id":0,"name":"string"},"name":"fish","photoUrls":["string"],"tags":[{"id":0,"name":"string"}],"status":"available"},{"id":9223372016900016997,"category":{"id":0,"name":"string"},"name":"doggie","photoUrls":["string"],"tags":[{"id":0,"name":"string"}],"status":"available"},{"id":9223372016900017002,"category":{"id":0,"name":"string"},"name":"doggie","photoUrls":["string"],"tags":[{"id":0,"name":"string"}],"status":"available"},{"id":9223372016900017003,"category":{"id":0,"name":"string"},"name":"asfsdf3344","photoUrls":["string"],"tags":[{"id":0,"name":"string"}],"status":"available"},{"id":9223372016900017004,"category":{"id":0,"name":"string"},"name":"fish","photoUrls":["string"],"tags":[{"id":0,"name":"string"}],"status":"available"},{"id":9223372016900017005,"category":{"id":0,"name":"string"},"name":"fish","photoUrls":["string"],"tags":[{"id":0,"name":"string"}],"status":"available"},{"id":9223372016900017008,"category":{"id":0,"name":"string"},"name":"fish","photoUrls":["string"],"tags":[{"id":0,"name":"string"}],"status":"available"},{"id":9223372016900017009,"category":{"id":0,"name":"string"},"name":"doggie","photoUrls":["string"],"tags":[{"id":0,"name":"string"}],"status":"available"},{"id":9223372016900017010,"category":{"id":0,"name":"string"},"name":"doggie","photoUrls":["string"],"tags":[{"id":0,"name":"string"}],"status":"available"},{"id":9223372016900017011,"category":{"id":0,"name":"string"},"name":"doggie","photoUrls":["string"],"tags":[{"id":0,"name":"string"}],"status":"available"},{"id":9223372016900017012,"category":{"id":0,"name":"string"},"name":"doggie","photoUrls":["string"],"tags":[{"id":0,"name":"string"}],"status":"available"},{"id":9223372016900017013,"category":{"id":0,"name":"string"},"name":"doggie","photoUrls":["string"],"tags":[{"id":0,"name":"string"}],"status":"available"},{"id":9223372016900017014,"category":{"id":0,"name":"string"},"name":"doggie","photoUrls":["string"],"tags":[{"id":0,"name":"string"}],"status":"available"},{"id":9223372016900017015,"category":{"id":0,"name":"string"},"name":"doggie","photoUrls":["string"],"tags":[{"id":0,"name":"string"}],"status":"available"},{"id":9223372016900017016,"category":{"id":0,"name":"string"},"name":"doggie","photoUrls":["string"],"tags":[{"id":0,"name":"string"}],"status":"available"},{"id":9223372016900017017,"category":{"id":0,"name":"string"},"name":"doggie","photoUrls":["string"],"tags":[{"id":0,"name":"string"}],"status":"available"},{"id":9223372016900017018,"category":{"id":0,"name":"string"},"name":"doggie","photoUrls":["string"],"tags":[{"id":0,"name":"string"}],"status":"available"},{"id":9223372016900017019,"category":{"id":0,"name":"string"},"name":"doggie","photoUrls":["string"],"tags":[{"id":0,"name":"string"}],"status":"available"},{"id":9223372016900017020,"category":{"id":0,"name":"string"},"name":"doggie","photoUrls":["string"],"tags":[{"id":0,"name":"string"}],"status":"available"},{"id":9223372016900017021,"category":{"id":0,"name":"string"},"name":"doggie","photoUrls":["string"],"tags":[{"id":0,"name":"string"}],"status":"available"},{"id":9223372016900017022,"category":{"id":0,"name":"string"},"name":"doggie","photoUrls":["string"],"tags":[{"id":0,"name":"string"}],"status":"available"},{"id":9223372016900017023,"category":{"id":0,"name":"string"},"name":"doggie","photoUrls":["string"],"tags":[{"id":0,"name":"string"}],"status":"available"},{"id":9223372016900017024,"category":{"id":0,"name":"string"},"name":"doggie","photoUrls":["string"],"tags":[{"id":0,"name":"string"}],"status":"available"},{"id":9223372016900017025,"category":{"id":0,"name":"string"},"name":"fish","photoUrls":["string"],"tags":[{"id":0,"name":"string"}],"status":"available"},{"id":9223372016900017026,"category":{"id":0,"name":"string"},"name":"doggie","photoUrls":["string"],"tags":[{"id":0,"name":"string"}],"status":"available"},{"id":9223372016900017027,"category":{"id":0,"name":"string"},"name":"doggie","photoUrls":["string"],"tags":[{"id":0,"name":"string"}],"status":"available"},{"id":9223372016900017028,"category":{"id":0,"name":"string"},"name":"doggie","photoUrls":["string"],"tags":[{"id":0,"name":"string"}],"status":"available"},{"id":9223372016900017029,"category":{"id":0,"name":"string"},"name":"fish","photoUrls":["string"],"tags":[{"id":0,"name":"string"}],"status":"available"},{"id":9223372016900017030,"category":{"id":0,"name":"string"},"name":"fish","photoUrls":["string"],"tags":[{"id":0,"name":"string"}],"status":"available"},{"id":787866,"name":"asdfsdf9999","photoUrls":[],"tags":[],"status":"available"},{"id":9223372016900017037,"category":{"id":0,"name":"string"},"name":"fish","photoUrls":["string"],"tags":[{"id":0,"name":"string"}],"status":"available"},{"id":9223372016900017043,"category":{"id":0,"name":"string"},"name":"fish","photoUrls":["string"],"tags":[{"id":0,"name":"string"}],"status":"available"},{"id":9223372016900017072,"category":{"id":0,"name":"string"},"name":"fish","photoUrls":["string"],"tags":[{"id":0,"name":"string"}],"status":"available"},{"id":9223372016900017073,"category":{"id":0,"name":"string"},"name":"fish","photoUrls":["string"],"tags":[{"id":0,"name":"string"}],"status":"available"},{"id":9223372016900017074,"category":{"id":0,"name":"string"},"name":"fish","photoUrls":["string"],"tags":[{"id":0,"name":"string"}],"status":"available"},{"id":9223372016900017078,"category":{"id":0,"name":"string"},"name":"fish","photoUrls":["string"],"tags":[{"id":0,"name":"string"}],"status":"available"},{"id":9223372016900017079,"category":{"id":0,"name":"string"},"name":"fish","photoUrls":["string"],"tags":[{"id":0,"name":"string"}],"status":"available"},{"id":11,"category":{"id":0,"name":"test category"},"name":"TESTING","photoUrls":["string"],"tags":[{"id":0,"name":"string"}],"status":"available"},{"id":9223372016900017087,"category":{"id":0,"name":"string"},"name":"doggie","photoUrls":["string"],"tags":[{"id":0,"name":"string"}],"status":"available"},{"id":9223372016900017088,"category":{"id":0,"name":"string"},"name":"doggie","photoUrls":["string"],"tags":[{"id":0,"name":"string"}],"status":"available"},{"id":9223372016900017089,"category":{"id":0,"name":"string"},"name":"doggie","photoUrls":["string"],"tags":[{"id":0,"name":"string"}],"status":"available"},{"id":9223372016900017092,"category":{"id":0,"name":"string"},"name":"doggie","photoUrls":["string"],"tags":[{"id":0,"name":"string"}],"status":"available"},{"id":9223372016900017093,"category":{"id":0,"name":"string"},"name":"doggie","photoUrls":["string"],"tags":[{"id":0,"name":"string"}],"status":"available"},{"id":9223372016900017094,"category":{"id":0,"name":"string"},"name":"doggie","photoUrls":["string"],"tags":[{"id":0,"name":"string"}],"status":"available"},{"id":9223372016900017099,"category":{"id":0,"name":"string"},"name":"doggie","photoUrls":["string"],"tags":[{"id":0,"name":"string"}],"status":"available"},{"id":9223372016900017100,"category":{"id":0,"name":"string"},"name":"doggie","photoUrls":["string"],"tags":[{"id":0,"name":"string"}],"status":"available"},{"id":9223372016900017101,"category":{"id":0,"name":"string"},"name":"doggie","photoUrls":["string"],"tags":[{"id":0,"name":"string"}],"status":"available"},{"id":9223372016900017102,"category":{"id":0,"name":"string"},"name":"doggie","photoUrls":["string"],"tags":[{"id":0,"name":"string"}],"status":"available"},{"id":9223372016900017103,"category":{"id":0,"name":"string"},"name":"doggie","photoUrls":["string"],"tags":[{"id":0,"name":"string"}],"status":"available"},{"id":9223372016900017104,"category":{"id":0,"name":"string"},"name":"doggie","photoUrls":["string"],"tags":[{"id":0,"name":"string"}],"status":"available"},{"id":9223372016900017105,"category":{"id":0,"name":"string"},"name":"doggie","photoUrls":["string"],"tags":[{"id":0,"name":"string"}],"status":"available"},{"id":9223372016900017106,"category":{"id":0,"name":"string"},"name":"doggie","photoUrls":["string"],"tags":[{"id":0,"name":"string"}],"status":"available"},{"id":9223372016900017107,"category":{"id":0,"name":"string"},"name":"doggie","photoUrls":["string"],"tags":[{"id":0,"name":"string"}],"status":"available"},{"id":9223372016900017108,"category":{"id":0,"name":"string"},"name":"doggie","photoUrls":["string"],"tags":[{"id":0,"name":"string"}],"status":"available"},{"id":9223372016900017109,"category":{"id":0,"name":"string"},"name":"doggie","photoUrls":["string"],"tags":[{"id":0,"name":"string"}],"status":"available"},{"id":9223372016900017110,"category":{"id":0,"name":"string"},"name":"doggie","photoUrls":["string"],"tags":[{"id":0,"name":"string"}],"status":"available"},{"id":9223372016900017113,"category":{"id":0,"name":"string"},"name":"fish","photoUrls":["string"],"tags":[{"id":0,"name":"string"}],"status":"available"},{"id":9223372016900017114,"category":{"id":0,"name":"string"},"name":"fish","photoUrls":["string"],"tags":[{"id":0,"name":"string"}],"status":"available"},{"id":24567,"category":{"id":0,"name":"gogo"},"name":"doggie","photoUrls":["string"],"tags":[{"id":0,"name":"string"}],"status":"available"},{"id":76889,"category":{"id":0,"name":"string"},"name":"doggie","photoUrls":["string"],"tags":[{"id":0,"name":"string"}],"status":"available"},{"id":9223372016900017127,"category":{"id":0,"name":"string"},"name":"fish","photoUrls":["string"],"tags":[{"id":0,"name":"string"}],"status":"available"},{"id":9223372016900017128,"category":{"id":0,"name":"string"},"name":"fish","photoUrls":["string"],"tags":[{"id":0,"name":"string"}],"status":"available"},{"id":9223372016900017129,"category":{"id":-21940990,"name":"laborum sint commodo"},"name":"doggie","photoUrls":["eiu","cillum aliquip Excepteur"],"tags":[{"id":-54895652,"name":"fugiat non"},{"id":69566184,"name":"id quis"}],"status":"available"},{"id":9223372016900017130,"category":{"id":0,"name":"string"},"name":"fish","photoUrls":["string"],"tags":[{"id":0,"name":"string"}],"status":"available"},{"id":9223372016900017131,"category":{"id":0,"name":"string"},"name":"fish","photoUrls":["string"],"tags":[{"id":0,"name":"string"}],"status":"available"},{"id":9223372016900017132,"category":{"id":0,"name":"string"},"name":"doggie","photoUrls":["string"],"tags":[{"id":0,"name":"string"}],"status":"available"},{"id":9223372016900017133,"category":{"id":0,"name":"string"},"name":"doggie","photoUrls":["string"],"tags":[{"id":0,"name":"string"}],"status":"available"},{"id":9223372016900017134,"category":{"id":0,"name":"string"},"name":"doggie","photoUrls":["string"],"tags":[{"id":0,"name":"string"}],"status":"available"},{"id":9223372016900017135,"category":{"id":0,"name":"string"},"name":"doggie","photoUrls":["string"],"tags":[{"id":0,"name":"string"}],"status":"available"},{"id":9223372016900017136,"category":{"id":0,"name":"string"},"name":"doggie","photoUrls":["string"],"tags":[{"id":0,"name":"string"}],"status":"available"},{"id":9223372016900017137,"category":{"id":0,"name":"string"},"name":"doggie","photoUrls":["string"],"tags":[{"id":0,"name":"string"}],"status":"available"},{"id":9223372016900017138,"category":{"id":0,"name":"string"},"name":"doggie","photoUrls":["string"],"tags":[{"id":0,"name":"string"}],"status":"available"},{"id":9223372016900017139,"category":{"id":0,"name":"string"},"name":"doggie","photoUrls":["string"],"tags":[{"id":0,"name":"string"}],"status":"available"},{"id":9223372016900017140,"category":{"id":0,"name":"string"},"name":"doggie","photoUrls":["string"],"tags":[{"id":0,"name":"string"}],"status":"available"},{"id":9223372016900017141,"category":{"id":0,"name":"string"},"name":"doggie","photoUrls":["string"],"tags":[{"id":0,"name":"string"}],"status":"available"},{"id":9223372016900017142,"category":{"id":0,"name":"string"},"name":"doggie","photoUrls":["string"],"tags":[{"id":0,"name":"string"}],"status":"available"},{"id":9223372016900017145,"category":{"id":0,"name":"string"},"name":"doggie","photoUrls":["string"],"tags":[{"id":0,"name":"string"}],"status":"available"},{"id":9223372016900017146,"category":{"id":0,"name":"string"},"name":"doggie","photoUrls":["string"],"tags":[{"id":0,"name":"string"}],"status":"available"},{"id":9223372016900017147,"category":{"id":0,"name":"string"},"name":"doggie","photoUrls":["string"],"tags":[{"id":0,"name":"string"}],"status":"available"},{"id":9223372016900017148,"name":"Kuba","photoUrls":[],"tags":[],"status":"available"},{"id":9223372016900017149,"category":{"id":0,"name":"string"},"name":"fish","photoUrls":["string"],"tags":[{"id":0,"name":"string"}],"status":"available"},{"id":9223372016900017150,"category":{"id":0,"name":"string"},"name":"doggie","photoUrls":["string"],"tags":[{"id":0,"name":"string"}],"status":"available"},{"id":9223372016900017151,"category":{"id":0,"name":"string"},"name":"doggie","photoUrls":["string"],"tags":[{"id":0,"name":"string"}],"status":"available"},{"id":9223372016900017152,"category":{"id":0,"name":"string"},"name":"doggie","photoUrls":["string"],"tags":[{"id":0,"name":"string"}],"status":"available"},{"id":9223372016900017153,"category":{"id":0,"name":"string"},"name":"doggie","photoUrls":["string"],"tags":[{"id":0,"name":"string"}],"status":"available"},{"id":9223372016900017154,"category":{"id":0,"name":"string"},"name":"doggie","photoUrls":["string"],"tags":[{"id":0,"name":"string"}],"status":"available"},{"id":9223372016900017155,"category":{"id":0,"name":"string"},"name":"doggie","photoUrls":["string"],"tags":[{"id":0,"name":"string"}],"status":"available"},{"id":9223372016900017156,"category":{"id":0,"name":"string"},"name":"fish","photoUrls":["string"],"tags":[{"id":0,"name":"string"}],"status":"available"},{"id":9223372016900017162,"category":{"id":0,"name":"string"},"name":"i988aa","photoUrls":["string"],"tags":[{"id":0,"name":"string"}],"status":"available"},{"id":9223372016900017180,"category":{"id":0,"name":"string"},"name":"fish","photoUrls":["string"],"tags":[{"id":0,"name":"string"}],"status":"available"},{"id":9223372016900017182,"category":{"id":0,"name":"string"},"name":"fish","photoUrls":["string"],"tags":[{"id":0,"name":"string"}],"status":"available"},{"id":9223372016900017184,"category":{"id":0,"name":"string"},"name":"fish","photoUrls":["string"],"tags":[{"id":0,"name":"string"}],"status":"available"},{"id":9223372016900017187,"category":{"id":0,"name":"string"},"name":"fish","photoUrls":["string"],"tags":[{"id":0,"name":"string"}],"status":"available"},{"id":900000,"category":{"id":0,"name":"string"},"name":"i988aadd","photoUrls":["string"],"tags":[{"id":0,"name":"string"}],"status":"available"},{"id":9223372016900017192,"category":{"id":0,"name":"string"},"name":"fish","photoUrls":["string"],"tags":[{"id":0,"name":"string"}],"status":"available"},{"id":9223372016900017193,"category":{"id":0,"name":"puppy"},"name":"doggie","photoUrls":["string"],"tags":[{"id":0,"name":"Charlie"}],"status":"available"},{"id":9223372016900017196,"name":"siyaan","photoUrls":[],"tags":[],"status":"available"},{"id":90000088,"category":{"id":0,"name":"string"},"name":"i988aadddd","photoUrls":["string"],"tags":[{"id":0,"name":"string"}],"status":"available"},{"id":9223372016900017197,"category":{"id":0,"name":"string"},"name":"fish","photoUrls":["string"],"tags":[{"id":0,"name":"string"}],"status":"available"},{"id":9223372016900017198,"category":{"id":0,"name":"string"},"name":"fish","photoUrls":["string"],"tags":[{"id":0,"name":"string"}],"status":"available"},{"id":1245,"category":{"id":1245,"name":"xyz"},"name":"xyz","photoUrls":["test"],"tags":[],"status":"available"},{"id":9223372016900017200,"category":{"id":0,"name":"string"},"name":"fima","photoUrls":["string"],"tags":[{"id":0,"name":"string"}],"status":"available"},{"id":9000008800,"category":{"id":0,"name":"string"},"name":"i988aadddd","photoUrls":["string"],"tags":[{"id":0,"name":"string"}],"status":"available"},{"id":9223372016900017201,"category":{"id":0,"name":"string"},"name":"doggie","photoUrls":["string"],"tags":[{"id":0,"name":"string"}],"status":"available"},{"id":9223372016900017202,"category":{"id":0,"name":"string"},"name":"doggie","photoUrls":["string"],"tags":[{"id":0,"name":"string"}],"status":"available"},{"id":9223372016900017203,"category":{"id":0,"name":"string"},"name":"doggie","photoUrls":["string"],"tags":[{"id":0,"name":"string"}],"status":"available"},{"id":9223372016900017204,"category":{"id":0,"name":"string"},"name":"doggie","photoUrls":["string"],"tags":[{"id":0,"name":"string"}],"status":"available"},{"id":9223372016900017205,"category":{"id":0,"name":"string"},"name":"doggie","photoUrls":["string"],"tags":[{"id":0,"name":"string"}],"status":"available"},{"id":9223372016900017206,"category":{"id":0,"name":"string"},"name":"doggie","photoUrls":["string"],"tags":[{"id":0,"name":"string"}],"status":"available"},{"id":9223372016900017207,"category":{"id":0,"name":"string"},"name":"doggie","photoUrls":["string"],"tags":[{"id":0,"name":"string"}],"status":"available"},{"id":9223372016900017208,"category":{"id":0,"name":"string"},"name":"doggie","photoUrls":["string"],"tags":[{"id":0,"name":"string"}],"status":"available"},{"id":9223372016900017209,"category":{"id":0,"name":"string"},"name":"doggie","photoUrls":["string"],"tags":[{"id":0,"name":"string"}],"status":"available"},{"id":9223372016900017210,"category":{"id":0,"name":"string"},"name":"doggie","photoUrls":["string"],"tags":[{"id":0,"name":"string"}],"status":"available"},{"id":9223372016900017211,"category":{"id":0,"name":"string"},"name":"doggie","photoUrls":["string"],"tags":[{"id":0,"name":"string"}],"status":"available"},{"id":9223372016900017212,"category":{"id":0,"name":"string"},"name":"doggie","photoUrls":["string"],"tags":[{"id":0,"name":"string"}],"status":"available"},{"id":9223372016900017215,"category":{"id":0,"name":"string"},"name":"doggie","photoUrls":["string"],"tags":[{"id":0,"name":"string"}],"status":"available"},{"id":9223372016900017216,"category":{"id":0,"name":"string"},"name":"doggie","photoUrls":["string"],"tags":[{"id":0,"name":"string"}],"status":"available"},{"id":9223372016900017217,"category":{"id":0,"name":"string"},"name":"doggie","photoUrls":["string"],"tags":[{"id":0,"name":"string"}],"status":"available"},{"id":9223372016900017220,"category":{"id":0,"name":"string"},"name":"doggie","photoUrls":["string"],"tags":[{"id":0,"name":"string"}],"status":"available"},{"id":9223372016900017221,"category":{"id":0,"name":"string"},"name":"doggie","photoUrls":["string"],"tags":[{"id":0,"name":"string"}],"status":"available"},{"id":9223372016900017222,"category":{"id":0,"name":"string"},"name":"doggie","photoUrls":["string"],"tags":[{"id":0,"name":"string"}],"status":"available"},{"id":9223372016900017223,"category":{"id":0,"name":"string"},"name":"fish","photoUrls":["string"],"tags":[{"id":0,"name":"string"}],"status":"available"},{"id":9223372016900017224,"category":{"id":0,"name":"string"},"name":"fish","photoUrls":["string"],"tags":[{"id":0,"name":"string"}],"status":"available"},{"id":9223372016900017238,"category":{"id":0,"name":"string"},"name":"fish","photoUrls":["string"],"tags":[{"id":0,"name":"string"}],"status":"available"},{"id":9223372016900017241,"category":{"id":0,"name":"string"},"name":"fish","photoUrls":["string"],"tags":[{"id":0,"name":"string"}],"status":"available"},{"id":9223372016900017244,"category":{"id":0,"name":"string"},"name":"fish","photoUrls":["string"],"tags":[{"id":0,"name":"string"}],"status":"available"},{"id":897766,"category":{"id":0,"name":"string"},"name":"i988aadddd","photoUrls":["string"],"tags":[{"id":0,"name":"string"}],"status":"available"},{"id":9223372016900017245,"category":{"id":0,"name":"string"},"name":"doggie","photoUrls":["string"],"tags":[{"id":0,"name":"string"}],"status":"available"},{"id":9223372016900017246,"category":{"id":0,"name":"string"},"name":"doggie","photoUrls":["string"],"tags":[{"id":0,"name":"string"}],"status":"available"},{"id":9223372016900017247,"category":{"id":0,"name":"string"},"name":"doggie","photoUrls":["string"],"tags":[{"id":0,"name":"string"}],"status":"available"},{"id":9223372016900017248,"category":{"id":0,"name":"string"},"name":"doggie","photoUrls":["string"],"tags":[{"id":0,"name":"string"}],"status":"available"},{"id":9223372016900017249,"category":{"id":0,"name":"string"},"name":"doggie","photoUrls":["string"],"tags":[{"id":0,"name":"string"}],"status":"available"},{"id":9223372016900017250,"category":{"id":0,"name":"string"},"name":"doggie","photoUrls":["string"],"tags":[{"id":0,"name":"string"}],"status":"available"},{"id":9223372016900017251,"category":{"id":0,"name":"string"},"name":"doggie","photoUrls":["string"],"tags":[{"id":0,"name":"string"}],"status":"available"},{"id":9223372016900017252,"category":{"id":0,"name":"string"},"name":"doggie","photoUrls":["string"],"tags":[{"id":0,"name":"string"}],"status":"available"},{"id":9223372016900017253,"category":{"id":0,"name":"string"},"name":"doggie","photoUrls":["string"],"tags":[{"id":0,"name":"string"}],"status":"available"},{"id":9223372016900017254,"category":{"id":0,"name":"string"},"name":"doggie","photoUrls":["string"],"tags":[{"id":0,"name":"string"}],"status":"available"},{"id":9223372016900017255,"category":{"id":0,"name":"string"},"name":"doggie","photoUrls":["string"],"tags":[{"id":0,"name":"string"}],"status":"available"},{"id":9223372016900017256,"category":{"id":0,"name":"string"},"name":"doggie","photoUrls":["string"],"tags":[{"id":0,"name":"string"}],"status":"available"},{"id":9223372016900017257,"category":{"id":0,"name":"string"},"name":"fish","photoUrls":["string"],"tags":[{"id":0,"name":"string"}],"status":"available"},{"id":9223372016900017258,"category":{"id":0,"name":"string"},"name":"doggie","photoUrls":["string"],"tags":[{"id":0,"name":"string"}],"status":"available"},{"id":9223372016900017259,"category":{"id":0,"name":"string"},"name":"doggie","photoUrls":["string"],"tags":[{"id":0,"name":"string"}],"status":"available"},{"id":9223372016900017260,"category":{"id":0,"name":"string"},"name":"doggie","photoUrls":["string"],"tags":[{"id":0,"name":"string"}],"status":"available"},{"id":9223372016900017261,"category":{"id":0,"name":"string"},"name":"doggie","photoUrls":["string"],"tags":[{"id":0,"name":"string"}],"status":"available"},{"id":9223372016900017262,"category":{"id":0,"name":"string"},"name":"doggie","photoUrls":["string"],"tags":[{"id":0,"name":"string"}],"status":"available"},{"id":9223372016900017263,"category":{"id":0,"name":"string"},"name":"doggie","photoUrls":["string"],"tags":[{"id":0,"name":"string"}],"status":"available"},{"id":9223372016900017264,"category":{"id":0,"name":"string"},"name":"fish","photoUrls":["string"],"tags":[{"id":0,"name":"string"}],"status":"available"},{"id":112233,"category":{"id":30,"name":"Eq-dog"},"name":"Postman","photoUrls":["URLLink"],"tags":[{"id":10,"name":"Doberman"}],"status":"available"},{"id":9223372016900017276,"category":{"id":0,"name":"string"},"name":"fish","photoUrls":["string"],"tags":[{"id":0,"name":"string"}],"status":"available"},{"id":9223372016900017277,"category":{"id":0,"name":"string"},"name":"fish","photoUrls":["string"],"tags":[{"id":0,"name":"string"}],"status":"available"},{"id":9223372016900017279,"category":{"id":0,"name":"string"},"name":"fish","photoUrls":["string"],"tags":[{"id":0,"name":"string"}],"status":"available"},{"id":9223372016900017280,"category":{"id":0,"name":"string"},"name":"fish","photoUrls":["string"],"tags":[{"id":0,"name":"string"}],"status":"available"},{"id":9223372016900017281,"category":{"id":0,"name":"string"},"name":"fish","photoUrls":["string"],"tags":[{"id":0,"name":"string"}],"status":"available"},{"id":9223372016900017282,"category":{"id":0,"name":"string"},"name":"fish","photoUrls":["string"],"tags":[{"id":0,"name":"string"}],"status":"available"},{"id":89776609,"category":{"id":0,"name":"string"},"name":"i988aadddd","photoUrls":["string"],"tags":[{"id":0,"name":"string"}],"status":"available"},{"id":897766099,"category":{"id":0,"name":"string"},"name":"i988aadddd","photoUrls":["string"],"tags":[{"id":0,"name":"string"}],"status":"available"},{"id":9223372016900017288,"category":{"id":0,"name":"Jerry"},"name":"Mouse","photoUrls":["string"],"tags":[{"id":0,"name":"Mouse"}],"status":"available"},{"id":9223372016900017289,"category":{"id":0,"name":"string"},"name":"fish","photoUrls":["string"],"tags":[{"id":0,"name":"string"}],"status":"available"},{"id":9223372016900017290,"category":{"id":0,"name":"string"},"name":"fish","photoUrls":["string"],"tags":[{"id":0,"name":"string"}],"status":"available"},{"id":89776609986,"category":{"id":0,"name":"string"},"name":"i988aadddd","photoUrls":["string"],"tags":[{"id":0,"name":"string"}],"status":"available"},{"id":9223372016900017292,"category":{"id":0,"name":"string"},"name":"doggie","photoUrls":["string"],"tags":[{"id":0,"name":"string"}],"status":"available"},{"id":9223372016900017293,"category":{"id":0,"name":"string"},"name":"doggie","photoUrls":["string"],"tags":[{"id":0,"name":"string"}],"status":"available"},{"id":9223372016900017294,"category":{"id":0,"name":"string"},"name":"doggie","photoUrls":["string"],"tags":[{"id":0,"name":"string"}],"status":"available"},{"id":9223372016900017295,"category":{"id":0,"name":"string"},"name":"doggie","photoUrls":["string"],"tags":[{"id":0,"name":"string"}],"status":"available"},{"id":9223372016900017296,"category":{"id":0,"name":"string"},"name":"doggie","photoUrls":["string"],"tags":[{"id":0,"name":"string"}],"status":"available"},{"id":9223372016900017297,"category":{"id":0,"name":"string"},"name":"doggie","photoUrls":["string"],"tags":[{"id":0,"name":"string"}],"status":"available"},{"id":9223372016900017298,"category":{"id":0,"name":"string"},"name":"doggie","photoUrls":["string"],"tags":[{"id":0,"name":"string"}],"status":"available"},{"id":9223372016900017299,"category":{"id":0,"name":"string"},"name":"doggie","photoUrls":["string"],"tags":[{"id":0,"name":"string"}],"status":"available"},{"id":9223372016900017300,"category":{"id":0,"name":"string"},"name":"doggie","photoUrls":["string"],"tags":[{"id":0,"name":"string"}],"status":"available"},{"id":9223372016900017301,"category":{"id":0,"name":"string"},"name":"doggie","photoUrls":["string"],"tags":[{"id":0,"name":"string"}],"status":"available"},{"id":9223372016900017302,"category":{"id":0,"name":"string"},"name":"doggie","photoUrls":["string"],"tags":[{"id":0,"name":"string"}],"status":"available"},{"id":9223372016900017303,"category":{"id":0,"name":"string"},"name":"doggie","photoUrls":["string"],"tags":[{"id":0,"name":"string"}],"status":"available"},{"id":9223372016900017308,"category":{"id":0,"name":"string"},"name":"doggie","photoUrls":["string"],"tags":[{"id":0,"name":"string"}],"status":"available"},{"id":9223372016900017309,"category":{"id":0,"name":"string"},"name":"doggie","photoUrls":["string"],"tags":[{"id":0,"name":"string"}],"status":"available"},{"id":9223372016900017310,"category":{"id":0,"name":"string"},"name":"doggie","photoUrls":["string"],"tags":[{"id":0,"name":"string"}],"status":"available"},{"id":9223372016900017311,"category":{"id":0,"name":"string"},"name":"fish","photoUrls":["string"],"tags":[{"id":0,"name":"string"}],"status":"available"},{"id":9223372016900017312,"category":{"id":0,"name":"string"},"name":"doggie","photoUrls":["string"],"tags":[{"id":0,"name":"string"}],"status":"available"},{"id":9223372016900017313,"category":{"id":0,"name":"string"},"name":"doggie","photoUrls":["string"],"tags":[{"id":0,"name":"string"}],"status":"available"},{"id":9223372016900017314,"category":{"id":0,"name":"string"},"name":"doggie","photoUrls":["string"],"tags":[{"id":0,"name":"string"}],"status":"available"},{"id":9223372016900017316,"category":{"id":0,"name":"string"},"name":"fish","photoUrls":["string"],"tags":[{"id":0,"name":"string"}],"status":"available"},{"id":112,"category":{"id":0,"name":"string"},"name":"PPPET","photoUrls":["string"],"tags":[{"id":0,"name":"string"}],"status":"available"},{"id":123123,"category":{"id":0,"name":"little chicken category"},"name":"little chicken","photoUrls":["string"],"tags":[{"id":0,"name":"string"}],"status":"available"},{"id":9223372016900017333,"category":{"id":0,"name":"string"},"name":"doggie","photoUrls":["string"],"tags":[{"id":0,"name":"string"}],"status":"available"},{"id":8977660998776,"category":{"id":0,"name":"string"},"name":"i988aadddd","photoUrls":["string"],"tags":[{"id":0,"name":"string"}],"status":"available"},{"id":9223372016900017334,"category":{"id":0,"name":"string"},"name":"fish","photoUrls":["string"],"tags":[{"id":0,"name":"string"}],"status":"available"},{"id":9223372016900017335,"category":{"id":0,"name":"string"},"name":"fish","photoUrls":["string"],"tags":[{"id":0,"name":"string"}],"status":"available"},{"id":9223372016900017337,"category":{"id":0,"name":"string"},"name":"fish","photoUrls":["string"],"tags":[{"id":0,"name":"string"}],"status":"available"},{"id":9223372016900017338,"category":{"id":0,"name":"string"},"name":"doggie","photoUrls":["string"],"tags":[{"id":0,"name":"string"}],"status":"available"},{"id":9223372016900017339,"category":{"id":0,"name":"string"},"name":"doggie","photoUrls":["string"],"tags":[{"id":0,"name":"string"}],"status":"available"},{"id":9223372016900017340,"category":{"id":0,"name":"string"},"name":"doggie","photoUrls":["string"],"tags":[{"id":0,"name":"string"}],"status":"available"},{"id":9223372016900017341,"category":{"id":0,"name":"string"},"name":"doggie","photoUrls":["string"],"tags":[{"id":0,"name":"string"}],"status":"available"},{"id":9223372016900017342,"category":{"id":0,"name":"string"},"name":"doggie","photoUrls":["string"],"tags":[{"id":0,"name":"string"}],"status":"available"},{"id":9223372016900017343,"category":{"id":0,"name":"string"},"name":"doggie","photoUrls":["string"],"tags":[{"id":0,"name":"string"}],"status":"available"},{"id":9223372016900017344,"category":{"id":0,"name":"string"},"name":"doggie","photoUrls":["string"],"tags":[{"id":0,"name":"string"}],"status":"available"},{"id":9223372016900017345,"category":{"id":0,"name":"string"},"name":"doggie","photoUrls":["string"],"tags":[{"id":0,"name":"string"}],"status":"available"},{"id":9223372016900017346,"category":{"id":0,"name":"string"},"name":"doggie","photoUrls":["string"],"tags":[{"id":0,"name":"string"}],"status":"available"},{"id":9223372016900017347,"category":{"id":0,"name":"string"},"name":"doggie","photoUrls":["string"],"tags":[{"id":0,"name":"string"}],"status":"available"},{"id":9223372016900017348,"category":{"id":0,"name":"string"},"name":"doggie","photoUrls":["string"],"tags":[{"id":0,"name":"string"}],"status":"available"},{"id":9223372016900017349,"category":{"id":0,"name":"string"},"name":"doggie","photoUrls":["string"],"tags":[{"id":0,"name":"string"}],"status":"available"},{"id":9223372016900017350,"category":{"id":0,"name":"string"},"name":"fish","photoUrls":["string"],"tags":[{"id":0,"name":"string"}],"status":"available"},{"id":9223372016900017351,"category":{"id":0,"name":"string"},"name":"doggie","photoUrls":["string"],"tags":[{"id":0,"name":"string"}],"status":"available"},{"id":9223372016900017352,"category":{"id":0,"name":"string"},"name":"doggie","photoUrls":["string"],"tags":[{"id":0,"name":"string"}],"status":"available"},{"id":9223372016900017353,"category":{"id":0,"name":"string"},"name":"doggie","photoUrls":["string"],"tags":[{"id":0,"name":"string"}],"status":"available"},{"id":9223372016900017354,"category":{"id":0,"name":"string"},"name":"doggie","photoUrls":["string"],"tags":[{"id":0,"name":"string"}],"status":"available"},{"id":9223372016900017355,"category":{"id":0,"name":"string"},"name":"doggie","photoUrls":["string"],"tags":[{"id":0,"name":"string"}],"status":"available"},{"id":9223372016900017356,"category":{"id":0,"name":"string"},"name":"doggie","photoUrls":["string"],"tags":[{"id":0,"name":"string"}],"status":"available"},{"id":9223372016900017357,"category":{"id":0,"name":"string"},"name":"fish","photoUrls":["string"],"tags":[{"id":0,"name":"string"}],"status":"available"},{"id":9223372016900017368,"category":{"id":0,"name":"string"},"name":"fish","photoUrls":["string"],"tags":[{"id":0,"name":"string"}],"status":"available"},{"id":9223372016900017370,"category":{"id":0,"name":"string"},"name":"fish","photoUrls":["string"],"tags":[{"id":0,"name":"string"}],"status":"available"},{"id":9223372016900017372,"category":{"id":0,"name":"string"},"name":"fish","photoUrls":["string"],"tags":[{"id":0,"name":"string"}],"status":"available"},{"id":9223372016900017404,"category":{"id":0,"name":"string"},"name":"fish","photoUrls":["string"],"tags":[{"id":0,"name":"string"}],"status":"available"},{"id":9223372016900017407,"category":{"id":0,"name":"string"},"name":"fish","photoUrls":["string"],"tags":[{"id":0,"name":"string"}],"status":"available"},{"id":9223372016900017408,"category":{"id":0,"name":"string"},"name":"fish","photoUrls":["string"],"tags":[{"id":0,"name":"string"}],"status":"available"},{"id":9223372016900017412,"category":{"id":0,"name":"string"},"name":"fish","photoUrls":["string"],"tags":[{"id":0,"name":"string"}],"status":"available"},{"id":9223372016900017413,"category":{"id":0,"name":"string"},"name":"fish","photoUrls":["string"],"tags":[{"id":0,"name":"string"}],"status":"available"},{"id":9223372016900017414,"category":{"id":0,"name":"string"},"name":"doggie","photoUrls":["string"],"tags":[{"id":0,"name":"string"}],"status":"available"},{"id":9223372016900017415,"category":{"id":0,"name":"string"},"name":"doggie","photoUrls":["string"],"tags":[{"id":0,"name":"string"}],"status":"available"},{"id":9223372016900017416,"category":{"id":0,"name":"string"},"name":"doggie","photoUrls":["string"],"tags":[{"id":0,"name":"string"}],"status":"available"},{"id":9223372016900017417,"category":{"id":0,"name":"string"},"name":"doggie","photoUrls":["string"],"tags":[{"id":0,"name":"string"}],"status":"available"},{"id":9223372016900017418,"category":{"id":0,"name":"string"},"name":"doggie","photoUrls":["string"],"tags":[{"id":0,"name":"string"}],"status":"available"},{"id":9223372016900017419,"category":{"id":0,"name":"string"},"name":"doggie","photoUrls":["string"],"tags":[{"id":0,"name":"string"}],"status":"available"},{"id":9223372016900017420,"category":{"id":0,"name":"string"},"name":"doggie","photoUrls":["string"],"tags":[{"id":0,"name":"string"}],"status":"available"},{"id":9223372016900017421,"category":{"id":0,"name":"string"},"name":"doggie","photoUrls":["string"],"tags":[{"id":0,"name":"string"}],"status":"available"},{"id":9223372016900017422,"category":{"id":0,"name":"string"},"name":"doggie","photoUrls":["string"],"tags":[{"id":0,"name":"string"}],"status":"available"},{"id":9223372016900017423,"category":{"id":0,"name":"string"},"name":"doggie","photoUrls":["string"],"tags":[{"id":0,"name":"string"}],"status":"available"},{"id":9223372016900017424,"category":{"id":0,"name":"string"},"name":"doggie","photoUrls":["string"],"tags":[{"id":0,"name":"string"}],"status":"available"},{"id":9223372016900017425,"category":{"id":0,"name":"string"},"name":"doggie","photoUrls":["string"],"tags":[{"id":0,"name":"string"}],"status":"available"},{"id":9223372016900017426,"category":{"id":0,"name":"string"},"name":"fish","photoUrls":["string"],"tags":[{"id":0,"name":"string"}],"status":"available"},{"id":9223372016900017427,"category":{"id":0,"name":"string"},"name":"doggie","photoUrls":["string"],"tags":[{"id":0,"name":"string"}],"status":"available"},{"id":9223372016900017428,"category":{"id":0,"name":"string"},"name":"doggie","photoUrls":["string"],"tags":[{"id":0,"name":"string"}],"status":"available"},{"id":9223372016900017429,"category":{"id":0,"name":"string"},"name":"doggie","photoUrls":["string"],"tags":[{"id":0,"name":"string"}],"status":"available"},{"id":9223372016900017430,"category":{"id":0,"name":"string"},"name":"doggie","photoUrls":["string"],"tags":[{"id":0,"name":"string"}],"status":"available"},{"id":9223372016900017431,"category":{"id":0,"name":"string"},"name":"doggie","photoUrls":["string"],"tags":[{"id":0,"name":"string"}],"status":"available"},{"id":9223372016900017432,"category":{"id":0,"name":"string"},"name":"doggie","photoUrls":["string"],"tags":[{"id":0,"name":"string"}],"status":"available"},{"id":9223372016900017433,"category":{"id":0,"name":"string"},"name":"fish","photoUrls":["string"],"tags":[{"id":0,"name":"string"}],"status":"available"},{"id":12,"category":{"id":1,"name":"string"},"name":"doggie","photoUrls":["string"],"tags":[{"id":1,"name":"string"}],"status":"available"},{"id":9223372016900017442,"category":{"id":0,"name":"string"},"name":"fish","photoUrls":["string"],"tags":[{"id":0,"name":"string"}],"status":"available"},{"id":9223372016900017444,"category":{"id":0,"name":"string"},"name":"fish","photoUrls":["string"],"tags":[{"id":0,"name":"string"}],"status":"available"},{"id":9223372016900017445,"category":{"id":0,"name":"dog"},"name":"Shih Tzu","photoUrls":["string"],"tags":[{"id":0,"name":"Mars"}],"status":"available"},{"id":9223372016900017446,"category":{"id":0,"name":"string"},"name":"fish","photoUrls":["string"],"tags":[{"id":0,"name":"string"}],"status":"available"},{"id":9223372016900017447,"category":{"id":0,"name":"string"},"name":"fish","photoUrls":["string"],"tags":[{"id":0,"name":"string"}],"status":"available"},{"id":9223372016900017448,"category":{"id":0,"name":"string"},"name":"fish","photoUrls":["string"],"tags":[{"id":0,"name":"string"}],"status":"available"},{"id":9223372016900017449,"category":{"id":0,"name":"string"},"name":"doggie","photoUrls":["string"],"tags":[{"id":0,"name":"string"}],"status":"available"},{"id":9223372016900017450,"category":{"id":0,"name":"string"},"name":"doggie","photoUrls":["string"],"tags":[{"id":0,"name":"string"}],"status":"available"},{"id":9223372016900017451,"category":{"id":0,"name":"string"},"name":"doggie","photoUrls":["string"],"tags":[{"id":0,"name":"string"}],"status":"available"},{"id":9223372016900017452,"category":{"id":0,"name":"string"},"name":"doggie","photoUrls":["string"],"tags":[{"id":0,"name":"string"}],"status":"available"},{"id":9223372016900017453,"category":{"id":0,"name":"string"},"name":"doggie","photoUrls":["string"],"tags":[{"id":0,"name":"string"}],"status":"available"},{"id":9223372016900017454,"category":{"id":0,"name":"string"},"name":"doggie","photoUrls":["string"],"tags":[{"id":0,"name":"string"}],"status":"available"},{"id":9223372016900017455,"category":{"id":0,"name":"string"},"name":"doggie","photoUrls":["string"],"tags":[{"id":0,"name":"string"}],"status":"available"},{"id":9223372016900017456,"category":{"id":0,"name":"string"},"name":"doggie","photoUrls":["string"],"tags":[{"id":0,"name":"string"}],"status":"available"},{"id":9223372016900017457,"category":{"id":0,"name":"string"},"name":"doggie","photoUrls":["string"],"tags":[{"id":0,"name":"string"}],"status":"available"},{"id":9223372016900017458,"category":{"id":0,"name":"string"},"name":"doggie","photoUrls":["string"],"tags":[{"id":0,"name":"string"}],"status":"available"},{"id":9223372016900017459,"category":{"id":0,"name":"string"},"name":"doggie","photoUrls":["string"],"tags":[{"id":0,"name":"string"}],"status":"available"},{"id":9223372016900017460,"category":{"id":0,"name":"string"},"name":"doggie","photoUrls":["string"],"tags":[{"id":0,"name":"string"}],"status":"available"},{"id":9223372016900017461,"category":{"id":0,"name":"string"},"name":"doggie","photoUrls":["string"],"tags":[{"id":0,"name":"string"}],"status":"available"},{"id":9223372016900017462,"category":{"id":0,"name":"string"},"name":"doggie","photoUrls":["string"],"tags":[{"id":0,"name":"string"}],"status":"available"},{"id":9223372016900017463,"category":{"id":0,"name":"string"},"name":"doggie","photoUrls":["string"],"tags":[{"id":0,"name":"string"}],"status":"available"},{"id":9223372016900017464,"category":{"id":0,"name":"string"},"name":"doggie","photoUrls":["string"],"tags":[{"id":0,"name":"string"}],"status":"available"},{"id":9223372016900017465,"category":{"id":0,"name":"string"},"name":"doggie","photoUrls":["string"],"tags":[{"id":0,"name":"string"}],"status":"available"},{"id":9223372016900017466,"category":{"id":0,"name":"string"},"name":"doggie","photoUrls":["string"],"tags":[{"id":0,"name":"string"}],"status":"available"},{"id":9223372016900017467,"category":{"id":0,"name":"string"},"name":"fish","photoUrls":["string"],"tags":[{"id":0,"name":"string"}],"status":"available"},{"id":9223372016900017468,"category":{"id":0,"name":"string"},"name":"kitty","photoUrls":["string"],"tags":[{"id":0,"name":"string"}],"status":"available"},{"id":9223372016900017469,"category":{"id":0,"name":"string"},"name":"fish","photoUrls":["string"],"tags":[{"id":0,"name":"string"}],"status":"available"},{"id":9223372016900017470,"category":{"id":0,"name":"cat"},"name":"Ginger","photoUrls":["string"],"tags":[{"id":0,"name":"Ginny"}],"status":"available"},{"id":9223372016900017473,"category":{"id":0,"name":"dog"},"name":"Husky","photoUrls":["string"],"tags":[{"id":0,"name":"Roman"}],"status":"available"},{"id":824,"category":{"id":824,"name":"YTgbw"},"photoUrls":[],"tags":[],"status":"available"},{"id":9223372016900017475,"category":{"id":0,"name":"string"},"name":"fish","photoUrls":["string"],"tags":[{"id":0,"name":"string"}],"status":"available"},{"id":9223372016900017476,"category":{"id":0,"name":"string"},"name":"fish","photoUrls":["string"],"tags":[{"id":0,"name":"string"}],"status":"available"},{"id":9223372016900017477,"category":{"id":0,"name":"string"},"name":"fish","photoUrls":["string"],"tags":[{"id":0,"name":"string"}],"status":"available"},{"id":9223372016900017482,"category":{"id":0,"name":"string"},"name":"fish","photoUrls":["string"],"tags":[{"id":0,"name":"string"}],"status":"available"},{"id":9223372016900017499,"category":{"id":0,"name":"string"},"name":"fish","photoUrls":["string"],"tags":[{"id":0,"name":"string"}],"status":"available"},{"id":9223372016900017500,"category":{"id":0,"name":"string"},"name":"fish","photoUrls":["string"],"tags":[{"id":0,"name":"string"}],"status":"available"},{"id":9223372016900017506,"category":{"id":0,"name":"string"},"name":"test","photoUrls":["string"],"tags":[{"id":0,"name":"string"}],"status":"available"},{"id":9223372016900017507,"category":{"id":0,"name":"string"},"name":"test","photoUrls":["string"],"tags":[{"id":0,"name":"string"}],"status":"available"},{"id":9223372016900017508,"category":{"id":0,"name":"string"},"name":"test","photoUrls":["string"],"tags":[{"id":0,"name":"string"}],"status":"available"},{"id":9223372016900017509,"category":{"id":0,"name":"string"},"name":"test","photoUrls":["string"],"tags":[{"id":0,"name":"string"}],"status":"available"},{"id":9223372016900017510,"category":{"id":0,"name":"string"},"name":"doggie","photoUrls":["string"],"tags":[{"id":0,"name":"string"}],"status":"available"},{"id":9223372016900017511,"category":{"id":0,"name":"string"},"name":"doggie","photoUrls":["string"],"tags":[{"id":0,"name":"string"}],"status":"available"},{"id":9223372016900017512,"category":{"id":0,"name":"string"},"name":"doggie","photoUrls":["string"],"tags":[{"id":0,"name":"string"}],"status":"available"},{"id":9223372016900017513,"category":{"id":0,"name":"string"},"name":"doggie","photoUrls":["string"],"tags":[{"id":0,"name":"string"}],"status":"available"},{"id":9223372016900017514,"category":{"id":0,"name":"string"},"name":"doggie","photoUrls":["string"],"tags":[{"id":0,"name":"string"}],"status":"available"},{"id":9223372016900017515,"category":{"id":0,"name":"string"},"name":"doggie","photoUrls":["string"],"tags":[{"id":0,"name":"string"}],"status":"available"},{"id":9223372016900017516,"category":{"id":0,"name":"string"},"name":"doggie","photoUrls":["string"],"tags":[{"id":0,"name":"string"}],"status":"available"},{"id":9223372016900017517,"category":{"id":0,"name":"string"},"name":"doggie","photoUrls":["string"],"tags":[{"id":0,"name":"string"}],"status":"available"},{"id":9223372016900017518,"category":{"id":0,"name":"string"},"name":"doggie","photoUrls":["string"],"tags":[{"id":0,"name":"string"}],"status":"available"},{"id":9223372016900017519,"category":{"id":0,"name":"string"},"name":"doggie","photoUrls":["string"],"tags":[{"id":0,"name":"string"}],"status":"available"},{"id":9223372016900017520,"category":{"id":0,"name":"string"},"name":"doggie","photoUrls":["string"],"tags":[{"id":0,"name":"string"}],"status":"available"},{"id":9223372016900017521,"category":{"id":0,"name":"string"},"name":"doggie","photoUrls":["string"],"tags":[{"id":0,"name":"string"}],"status":"available"},{"id":9223372016900017522,"category":{"id":0,"name":"string"},"name":"fish","photoUrls":["string"],"tags":[{"id":0,"name":"string"}],"status":"available"},{"id":9223372016900017523,"category":{"id":0,"name":"string"},"name":"doggie","photoUrls":["string"],"tags":[{"id":0,"name":"string"}],"status":"available"},{"id":9223372016900017524,"category":{"id":0,"name":"string"},"name":"doggie","photoUrls":["string"],"tags":[{"id":0,"name":"string"}],"status":"available"},{"id":9223372016900017525,"category":{"id":0,"name":"string"},"name":"doggie","photoUrls":["string"],"tags":[{"id":0,"name":"string"}],"status":"available"},{"id":9223372016900017526,"category":{"id":0,"name":"string"},"name":"doggie","photoUrls":["string"],"tags":[{"id":0,"name":"string"}],"status":"available"},{"id":9223372016900017527,"category":{"id":0,"name":"string"},"name":"doggie","photoUrls":["string"],"tags":[{"id":0,"name":"string"}],"status":"available"},{"id":9223372016900017528,"category":{"id":0,"name":"string"},"name":"doggie","photoUrls":["string"],"tags":[{"id":0,"name":"string"}],"status":"available"},{"id":9223372016900017529,"category":{"id":0,"name":"string"},"name":"fish","photoUrls":["string"],"tags":[{"id":0,"name":"string"}],"status":"available"},{"id":9223372016900017542,"name":"doggie","photoUrls":[],"tags":[],"status":"available"},{"id":9223372016900017543,"name":"doggie","photoUrls":[],"tags":[],"status":"available"},{"id":9223372016900017544,"category":{"id":0,"name":"string"},"name":"fish","photoUrls":["string"],"tags":[{"id":0,"name":"string"}],"status":"available"},{"id":9223372016900017545,"category":{"id":0,"name":"string"},"name":"fish","photoUrls":["string"],"tags":[{"id":0,"name":"string"}],"status":"available"},{"id":9223372016900017547,"category":{"id":0,"name":"string"},"name":"nyusha","photoUrls":["string"],"tags":[{"id":0,"name":"string"}],"status":"available"},{"id":555,"category":{"id":0,"name":"string"},"name":"teamQA","photoUrls":["string"],"tags":[{"id":0,"name":"string"}],"status":"available"},{"id":9223372016900017548,"category":{"id":0,"name":"string"},"name":"fish","photoUrls":["string"],"tags":[{"id":0,"name":"string"}],"status":"available"},{"id":9223372016900017549,"category":{"id":0,"name":"string"},"name":"doggie","photoUrls":["string"],"tags":[{"id":0,"name":"string"}],"status":"available"},{"id":9223372016900017550,"category":{"id":0,"name":"string"},"name":"doggie","photoUrls":["string"],"tags":[{"id":0,"name":"string"}],"status":"available"},{"id":9223372016900017551,"category":{"id":0,"name":"string"},"name":"doggie","photoUrls":["string"],"tags":[{"id":0,"name":"string"}],"status":"available"},{"id":9223372016900017552,"category":{"id":0,"name":"string"},"name":"doggie","photoUrls":["string"],"tags":[{"id":0,"name":"string"}],"status":"available"},{"id":9223372016900017553,"category":{"id":0,"name":"string"},"name":"doggie","photoUrls":["string"],"tags":[{"id":0,"name":"string"}],"status":"available"},{"id":9223372016900017554,"category":{"id":0,"name":"string"},"name":"doggie","photoUrls":["string"],"tags":[{"id":0,"name":"string"}],"status":"available"},{"id":9223372016900017555,"category":{"id":0,"name":"string"},"name":"doggie","photoUrls":["string"],"tags":[{"id":0,"name":"string"}],"status":"available"},{"id":9223372016900017556,"category":{"id":0,"name":"string"},"name":"doggie","photoUrls":["string"],"tags":[{"id":0,"name":"string"}],"status":"available"},{"id":9223372016900017557,"category":{"id":0,"name":"string"},"name":"doggie","photoUrls":["string"],"tags":[{"id":0,"name":"string"}],"status":"available"},{"id":9223372016900017558,"category":{"id":0,"name":"string"},"name":"doggie","photoUrls":["string"],"tags":[{"id":0,"name":"string"}],"status":"available"},{"id":9223372016900017559,"category":{"id":0,"name":"string"},"name":"doggie","photoUrls":["string"],"tags":[{"id":0,"name":"string"}],"status":"available"},{"id":9223372016900017560,"category":{"id":0,"name":"string"},"name":"doggie","photoUrls":["string"],"tags":[{"id":0,"name":"string"}],"status":"available"},{"id":9223372016900017561,"category":{"id":0,"name":"string"},"name":"doggie","photoUrls":["string"],"tags":[{"id":0,"name":"string"}],"status":"available"},{"id":9223372016900017562,"category":{"id":0,"name":"string"},"name":"doggie","photoUrls":["string"],"tags":[{"id":0,"name":"string"}],"status":"available"},{"id":9223372016900017563,"category":{"id":0,"name":"string"},"name":"doggie","photoUrls":["string"],"tags":[{"id":0,"name":"string"}],"status":"available"},{"id":9223372016900017564,"category":{"id":0,"name":"string"},"name":"doggie","photoUrls":["string"],"tags":[{"id":0,"name":"string"}],"status":"available"},{"id":9223372016900017565,"category":{"id":0,"name":"string"},"name":"doggie","photoUrls":["string"],"tags":[{"id":0,"name":"string"}],"status":"available"},{"id":9223372016900017566,"category":{"id":0,"name":"string"},"name":"doggie","photoUrls":["string"],"tags":[{"id":0,"name":"string"}],"status":"available"},{"id":9223372016900017567,"category":{"id":0,"name":"string"},"name":"fish","photoUrls":["string"],"tags":[{"id":0,"name":"string"}],"status":"available"},{"id":9223372016900017568,"category":{"id":0,"name":"string"},"name":"fish","photoUrls":["string"],"tags":[{"id":0,"name":"string"}],"status":"available"},{"id":9223372016900017569,"category":{"id":0,"name":"dog"},"name":"Lab","photoUrls":["string"],"tags":[{"id":0,"name":"Patch"}],"status":"available"},{"id":1209,"category":{"id":0,"name":"string"},"name":"Kitty","photoUrls":["string"],"tags":[{"id":0,"name":"string"}],"status":"available"},{"id":9223372016900017574,"category":{"id":0,"name":"string"},"name":"fish","photoUrls":["string"],"tags":[{"id":0,"name":"string"}],"status":"available"},{"id":9223372016900017575,"category":{"id":0,"name":"string"},"name":"fish","photoUrls":["string"],"tags":[{"id":0,"name":"string"}],"status":"available"},{"id":9223372016900017576,"category":{"id":0,"name":"string"},"name":"fish","photoUrls":["string"],"tags":[{"id":0,"name":"string"}],"status":"available"},{"id":9223372016900017579,"category":{"id":0,"name":"string"},"name":"fish","photoUrls":["string"],"tags":[{"id":0,"name":"string"}],"status":"available"},{"id":9223372016900017580,"category":{"id":0,"name":"string"},"name":"fish","photoUrls":["string"],"tags":[{"id":0,"name":"string"}],"status":"available"},{"id":9223372016900017581,"category":{"id":0,"name":"string"},"name":"fish","photoUrls":["string"],"tags":[{"id":0,"name":"string"}],"status":"available"},{"id":9222968140491042131,"category":{"id":0,"name":"string"},"name":"doggie","photoUrls":["string"],"tags":[{"id":0,"name":"string"}],"status":"available"},{"id":9223372016900017590,"category":{"id":0,"name":"string"},"name":"doggie","photoUrls":["string"],"tags":[{"id":0,"name":"string"}],"status":"available"},{"id":9223372016900017591,"category":{"id":0,"name":"string"},"name":"doggie","photoUrls":["string"],"tags":[{"id":0,"name":"string"}],"status":"available"},{"id":9223372016900017592,"category":{"id":0,"name":"string"},"name":"doggie","photoUrls":["string"],"tags":[{"id":0,"name":"string"}],"status":"available"},{"id":9223372016900017593,"category":{"id":0,"name":"string"},"name":"doggie","photoUrls":["string"],"tags":[{"id":0,"name":"string"}],"status":"available"},{"id":9223372016900017594,"category":{"id":0,"name":"string"},"name":"doggie","photoUrls":["string"],"tags":[{"id":0,"name":"string"}],"status":"available"},{"id":9223372016900017595,"category":{"id":0,"name":"string"},"name":"doggie","photoUrls":["string"],"tags":[{"id":0,"name":"string"}],"status":"available"},{"id":9223372016900017596,"category":{"id":0,"name":"string"},"name":"doggie","photoUrls":["string"],"tags":[{"id":0,"name":"string"}],"status":"available"},{"id":9223372016900017597,"category":{"id":0,"name":"string"},"name":"doggie","photoUrls":["string"],"tags":[{"id":0,"name":"string"}],"status":"available"},{"id":9223372016900017598,"category":{"id":0,"name":"string"},"name":"doggie","photoUrls":["string"],"tags":[{"id":0,"name":"string"}],"status":"available"},{"id":9223372016900017599,"category":{"id":0,"name":"string"},"name":"doggie","photoUrls":["string"],"tags":[{"id":0,"name":"string"}],"status":"available"},{"id":9223372016900017600,"category":{"id":0,"name":"string"},"name":"doggie","photoUrls":["string"],"tags":[{"id":0,"name":"string"}],"status":"available"},{"id":9223372016900017601,"category":{"id":0,"name":"string"},"name":"doggie","photoUrls":["string"],"tags":[{"id":0,"name":"string"}],"status":"available"},{"id":9223372016900017602,"category":{"id":0,"name":"string"},"name":"doggie","photoUrls":["string"],"tags":[{"id":0,"name":"string"}],"status":"available"},{"id":9223372016900017603,"category":{"id":0,"name":"string"},"name":"doggie","photoUrls":["string"],"tags":[{"id":0,"name":"string"}],"status":"available"},{"id":9223372016900017604,"category":{"id":0,"name":"string"},"name":"doggie","photoUrls":["string"],"tags":[{"id":0,"name":"string"}],"status":"available"},{"id":9223372016900017605,"category":{"id":0,"name":"string"},"name":"doggie","photoUrls":["string"],"tags":[{"id":0,"name":"string"}],"status":"available"},{"id":9223372016900017606,"category":{"id":0,"name":"string"},"name":"doggie","photoUrls":["string"],"tags":[{"id":0,"name":"string"}],"status":"available"},{"id":9223372016900017607,"category":{"id":0,"name":"string"},"name":"doggie","photoUrls":["string"],"tags":[{"id":0,"name":"string"}],"status":"available"},{"id":9223372016900017608,"category":{"id":0,"name":"string"},"name":"doggie","photoUrls":["string"],"tags":[{"id":0,"name":"string"}],"status":"available"},{"id":9223372016900017609,"category":{"id":0,"name":"string"},"name":"fish","photoUrls":["string"],"tags":[{"id":0,"name":"string"}],"status":"available"},{"id":9223372016900017610,"category":{"id":0,"name":"string"},"name":"fish","photoUrls":["string"],"tags":[{"id":0,"name":"string"}],"status":"available"},{"id":1663502601272,"category":{"id":0,"name":"string"},"name":"Leo","photoUrls":["string"],"tags":[{"id":0,"name":"string"}],"status":"available"},{"id":9223372016900017619,"category":{"id":0,"name":"string"},"name":"doggie","photoUrls":["string"],"tags":[{"id":0,"name":"string"}],"status":"available"},{"id":9223372016900017625,"category":{"id":0,"name":"string"},"name":"fish","photoUrls":["string"],"tags":[{"id":0,"name":"string"}],"status":"available"},{"id":9223372016900017626,"category":{"id":0,"name":"string"},"name":"doggie","photoUrls":["string"],"tags":[{"id":0,"name":"string"}],"status":"available"},{"id":9223372016900017627,"category":{"id":0,"name":"string"},"name":"doggie","photoUrls":["string"],"tags":[{"id":0,"name":"string"}],"status":"available"},{"id":9223372016900017628,"category":{"id":0,"name":"string"},"name":"doggie","photoUrls":["string"],"tags":[{"id":0,"name":"string"}],"status":"available"},{"id":9223372016900017629,"category":{"id":0,"name":"string"},"name":"doggie","photoUrls":["string"],"tags":[{"id":0,"name":"string"}],"status":"available"},{"id":9223372016900017630,"category":{"id":0,"name":"string"},"name":"doggie","photoUrls":["string"],"tags":[{"id":0,"name":"string"}],"status":"available"},{"id":9223372016900017631,"category":{"id":0,"name":"string"},"name":"doggie","photoUrls":["string"],"tags":[{"id":0,"name":"string"}],"status":"available"},{"id":9223372016900017632,"category":{"id":0,"name":"string"},"name":"doggie","photoUrls":["string"],"tags":[{"id":0,"name":"string"}],"status":"available"},{"id":9223372016900017633,"category":{"id":0,"name":"string"},"name":"doggie","photoUrls":["string"],"tags":[{"id":0,"name":"string"}],"status":"available"},{"id":9223372016900017635,"category":{"id":0,"name":"string"},"name":"doggie","photoUrls":["string"],"tags":[{"id":0,"name":"string"}],"status":"available"},{"id":9223372016900017643,"category":{"id":0,"name":"string"},"name":"doggie","photoUrls":["string"],"tags":[{"id":0,"name":"string"}],"status":"available"},{"id":9223372016900017644,"category":{"id":0,"name":"string"},"name":"doggie","photoUrls":["string"],"tags":[{"id":0,"name":"string"}],"status":"available"},{"id":9223372016900017645,"category":{"id":0,"name":"string"},"name":"doggie","photoUrls":["string"],"tags":[{"id":0,"name":"string"}],"status":"available"},{"id":9223372016900017647,"category":{"id":0,"name":"string"},"name":"doggie","photoUrls":["string"],"tags":[{"id":0,"name":"string"}],"status":"available"},{"id":9223372016900017648,"category":{"id":0,"name":"string"},"name":"doggie","photoUrls":["string"],"tags":[{"id":0,"name":"string"}],"status":"available"},{"id":9223372016900017649,"category":{"id":0,"name":"string"},"name":"doggie","photoUrls":["string"],"tags":[{"id":0,"name":"string"}],"status":"available"},{"id":9223372016900017650,"category":{"id":0,"name":"string"},"name":"doggie","photoUrls":["string"],"tags":[{"id":0,"name":"string"}],"status":"available"},{"id":9223372016900017651,"category":{"id":0,"name":"string"},"name":"doggie","photoUrls":["string"],"tags":[{"id":0,"name":"string"}],"status":"available"},{"id":9223372016900017652,"category":{"id":0,"name":"string"},"name":"doggie","photoUrls":["string"],"tags":[{"id":0,"name":"string"}],"status":"available"},{"id":9223372016900017653,"category":{"id":0,"name":"string"},"name":"fish","photoUrls":["string"],"tags":[{"id":0,"name":"string"}],"status":"available"},{"id":9223372016900017654,"category":{"id":0,"name":"string"},"name":"fish","photoUrls":["string"],"tags":[{"id":0,"name":"string"}],"status":"available"},{"id":9223372016900017655,"category":{"id":0,"name":"string"},"name":"fish","photoUrls":["string"],"tags":[{"id":0,"name":"string"}],"status":"available"},{"id":9223372016900017656,"category":{"id":0,"name":"string"},"name":"fish","photoUrls":["string"],"tags":[{"id":0,"name":"string"}],"status":"available"},{"id":9223372016900017658,"category":{"id":0,"name":"string"},"name":"fish","photoUrls":["string"],"tags":[{"id":0,"name":"string"}],"status":"available"},{"id":9223372016900017689,"category":{"id":0,"name":"string"},"name":"fish","photoUrls":["string"],"tags":[{"id":0,"name":"string"}],"status":"available"},{"id":9223372016900017692,"category":{"id":0,"name":"string"},"name":"doggie","photoUrls":["string"],"tags":[{"id":0,"name":"string"}],"status":"available"},{"id":9223372016900017697,"category":{"id":0,"name":"string"},"name":"fish","photoUrls":["string"],"tags":[{"id":0,"name":"string"}],"status":"available"},{"id":9223372016900017698,"category":{"id":0,"name":"string"},"name":"fish","photoUrls":["string"],"tags":[{"id":0,"name":"string"}],"status":"available"},{"id":9223372016900017699,"category":{"id":0,"name":"string"},"name":"doggie","photoUrls":["string"],"tags":[{"id":0,"name":"string"}],"status":"available"},{"id":9223372016900017700,"category":{"id":0,"name":"string"},"name":"doggie","photoUrls":["string"],"tags":[{"id":0,"name":"string"}],"status":"available"},{"id":9223372016900017701,"category":{"id":0,"name":"string"},"name":"doggie","photoUrls":["string"],"tags":[{"id":0,"name":"string"}],"status":"available"},{"id":9223372016900017702,"category":{"id":0,"name":"string"},"name":"doggie","photoUrls":["string"],"tags":[{"id":0,"name":"string"}],"status":"available"},{"id":9223372016900017703,"category":{"id":0,"name":"string"},"name":"doggie","photoUrls":["string"],"tags":[{"id":0,"name":"string"}],"status":"available"},{"id":9223372016900017704,"category":{"id":0,"name":"string"},"name":"doggie","photoUrls":["string"],"tags":[{"id":0,"name":"string"}],"status":"available"},{"id":9223372016900017706,"category":{"id":0,"name":"string"},"name":"doggie","photoUrls":["string"],"tags":[{"id":0,"name":"string"}],"status":"available"},{"id":9223372016900017707,"category":{"id":0,"name":"string"},"name":"doggie","photoUrls":["string"],"tags":[{"id":0,"name":"string"}],"status":"available"},{"id":9223372016900017708,"category":{"id":0,"name":"string"},"name":"doggie","photoUrls":["string"],"tags":[{"id":0,"name":"string"}],"status":"available"},{"id":9223372016900017709,"category":{"id":0,"name":"string"},"name":"doggie","photoUrls":["string"],"tags":[{"id":0,"name":"string"}],"status":"available"},{"id":9223372016900017710,"category":{"id":0,"name":"string"},"name":"doggie","photoUrls":["string"],"tags":[{"id":0,"name":"string"}],"status":"available"},{"id":9223372016900017711,"category":{"id":0,"name":"string"},"name":"doggie","photoUrls":["string"],"tags":[{"id":0,"name":"string"}],"status":"available"},{"id":9223372016900017719,"category":{"id":0,"name":"string"},"name":"doggie","photoUrls":["string"],"tags":[{"id":0,"name":"string"}],"status":"available"},{"id":9223372016900017720,"category":{"id":0,"name":"string"},"name":"doggie","photoUrls":["string"],"tags":[{"id":0,"name":"string"}],"status":"available"},{"id":9223372016900017721,"category":{"id":0,"name":"string"},"name":"doggie","photoUrls":["string"],"tags":[{"id":0,"name":"string"}],"status":"available"},{"id":9223372016900017722,"category":{"id":0,"name":"string"},"name":"doggie","photoUrls":["string"],"tags":[{"id":0,"name":"string"}],"status":"available"},{"id":9223372016900017723,"category":{"id":0,"name":"string"},"name":"doggie","photoUrls":["string"],"tags":[{"id":0,"name":"string"}],"status":"available"},{"id":9223372016900017724,"category":{"id":0,"name":"string"},"name":"doggie","photoUrls":["string"],"tags":[{"id":0,"name":"string"}],"status":"available"},{"id":9223372016900017725,"category":{"id":0,"name":"string"},"name":"fish","photoUrls":["string"],"tags":[{"id":0,"name":"string"}],"status":"available"},{"id":9223372016900017726,"category":{"id":0,"name":"string"},"name":"fish","photoUrls":["string"],"tags":[{"id":0,"name":"string"}],"status":"available"},{"id":9222968140497180179,"category":{"id":0,"name":"string"},"name":"test","photoUrls":["string"],"tags":[{"id":0,"name":"string"}],"status":"available"},{"id":9223372016900017755,"category":{"id":0,"name":"string"},"name":"fish","photoUrls":["string"],"tags":[{"id":0,"name":"string"}],"status":"available"},{"id":9223372016900017756,"category":{"id":0,"name":"string"},"name":"doggie","photoUrls":["string"],"tags":[{"id":0,"name":"string"}],"status":"available"},{"id":9223372016900017757,"category":{"id":0,"name":"string"},"name":"doggie","photoUrls":["string"],"tags":[{"id":0,"name":"string"}],"status":"available"},{"id":9223372016900017758,"category":{"id":0,"name":"string"},"name":"doggie","photoUrls":["string"],"tags":[{"id":0,"name":"string"}],"status":"available"},{"id":9223372016900017759,"category":{"id":0,"name":"string"},"name":"doggie","photoUrls":["string"],"tags":[{"id":0,"name":"string"}],"status":"available"},{"id":9223372016900017760,"category":{"id":0,"name":"string"},"name":"doggie","photoUrls":["string"],"tags":[{"id":0,"name":"string"}],"status":"available"},{"id":9223372016900017761,"category":{"id":0,"name":"string"},"name":"doggie","photoUrls":["string"],"tags":[{"id":0,"name":"string"}],"status":"available"},{"id":9223372016900017762,"category":{"id":0,"name":"string"},"name":"fish","photoUrls":["string"],"tags":[{"id":0,"name":"string"}],"status":"available"},{"id":9223372016900017763,"category":{"id":0,"name":"string"},"name":"doggie","photoUrls":["string"],"tags":[{"id":0,"name":"string"}],"status":"available"},{"id":9223372016900017764,"category":{"id":0,"name":"string"},"name":"doggie","photoUrls":["string"],"tags":[{"id":0,"name":"string"}],"status":"available"},{"id":9223372016900017765,"category":{"id":0,"name":"string"},"name":"doggie","photoUrls":["string"],"tags":[{"id":0,"name":"string"}],"status":"available"},{"id":9223372016900017766,"category":{"id":0,"name":"string"},"name":"doggie","photoUrls":["string"],"tags":[{"id":0,"name":"string"}],"status":"available"},{"id":9223372016900017767,"category":{"id":0,"name":"string"},"name":"doggie","photoUrls":["string"],"tags":[{"id":0,"name":"string"}],"status":"available"},{"id":9223372016900017768,"category":{"id":0,"name":"string"},"name":"doggie","photoUrls":["string"],"tags":[{"id":0,"name":"string"}],"status":"available"},{"id":9223372016900017770,"category":{"id":0,"name":"string"},"name":"fish","photoUrls":["string"],"tags":[{"id":0,"name":"string"}],"status":"available"},{"id":9223372016900017773,"category":{"id":0,"name":"string"},"name":"doggie","photoUrls":["string"],"tags":[{"id":0,"name":"string"}],"status":"available"},{"id":9223372016900017775,"category":{"id":0,"name":"string"},"name":"doggie","photoUrls":["string"],"tags":[{"id":0,"name":"string"}],"status":"available"},{"id":9223372016900017776,"category":{"id":0,"name":"string"},"name":"doggie","photoUrls":["string"],"tags":[{"id":0,"name":"string"}],"status":"available"},{"id":9223372016900017779,"category":{"id":0,"name":"string"},"name":"doggie","photoUrls":["string"],"tags":[{"id":0,"name":"string"}],"status":"available"},{"id":9223372016900017780,"category":{"id":0,"name":"string"},"name":"doggie","photoUrls":["string"],"tags":[{"id":0,"name":"string"}],"status":"available"},{"id":9223372016900017781,"category":{"id":0,"name":"string"},"name":"doggie","photoUrls":["string"],"tags":[{"id":0,"name":"string"}],"status":"available"},{"id":9223372016900017783,"category":{"id":0,"name":"string"},"name":"fish","photoUrls":["string"],"tags":[{"id":0,"name":"string"}],"status":"available"},{"id":9223372016900017795,"category":{"id":0,"name":"string"},"name":"fish","photoUrls":["string"],"tags":[{"id":0,"name":"string"}],"status":"available"},{"id":1,"category":{"id":1,"name":"string"},"name":"doggie","photoUrls":["string"],"tags":[{"id":1,"name":"string"}],"status":"available"},{"id":9223372016900017797,"category":{"id":0,"name":"string"},"name":"fish","photoUrls":["string"],"tags":[{"id":0,"name":"string"}],"status":"available"},{"id":62886,"category":{"id":82253,"name":"mouse"},"name":"Simon Swindells","photoUrls":["www.emeline-rice.net","www.michiko-macgyver.io"],"tags":[{"id":70358,"name":"Mr. Ramiro O'Reilly"}],"status":"available"},{"id":8906,"category":{"id":82476,"name":"bat"},"name":"Melba Crisp","photoUrls":["www.stuart-thiel.info","www.shannon-dickens.io"],"tags":[{"id":81958,"name":"Ashlee Hartmann"}],"status":"available"},{"id":55639,"category":{"id":7141,"name":"fox"},"name":"Dee Major","photoUrls":["www.marty-johns.co","www.millard-pagac.info"],"tags":[{"id":7089,"name":"Bill Daugherty"}],"status":"available"},{"id":18474,"category":{"id":63728,"name":"sea lion"},"name":"Bess Twishes","photoUrls":["www.adelia-mayer.name","www.yanira-breitenberg.net"],"tags":[{"id":28027,"name":"Doloris Predovic"}],"status":"available"}]
22/09/18 17:48:58 INFO restservice.RestAPIExecutor: Request Headers {accept=application/json, Content-Type=application/json}
22/09/18 17:48:58 INFO restservice.RestAPIExecutor: Request params key status value available
]]></system-out>
  </testcase>
  <testcase name="getPetsByStatusTest[3, pending_status, 2, pending, ALL_VALID, 200, , org.testng.TestRunner@621b2650](6)" classname="com.sample.api.tests.PetsTests" time="4.156">
    <system-out><![CDATA[22/09/18 17:48:59 INFO restservice.RestAPIExecutor: Response Body [{"id":748,"category":{"id":0,"name":"<categoryname>"},"name":"test","photoUrls":["string"],"tags":[{"id":0,"name":"<tag>"}],"status":"pending"},{"id":1010,"category":{"id":0,"name":"sheep"},"name":"lamb","photoUrls":["kid"],"tags":[{"id":0,"name":"string"}],"status":"pending"},{"id":760,"category":{"id":0,"name":"<categoryname>"},"name":"man","photoUrls":["woman"],"tags":[{"id":0,"name":"<tag>"}],"status":"pending"},{"id":9223372016900017000,"category":{"id":0,"name":"string"},"name":"doggie","photoUrls":["string"],"tags":[{"id":0,"name":"string"}],"status":"pending"},{"id":265,"category":{"id":0,"name":"<categoryname>"},"name":"test","photoUrls":["string"],"tags":[{"id":0,"name":"<tag>"}],"status":"pending"},{"id":919,"category":{"id":0,"name":"<categoryname>"},"name":"test","photoUrls":["string"],"tags":[{"id":0,"name":"<tag>"}],"status":"pending"},{"id":528,"category":{"id":0,"name":"<categoryname>"},"name":"test","photoUrls":["string"],"tags":[{"id":0,"name":"<tag>"}],"status":"pending"},{"id":132,"category":{"id":0,"name":"<categoryname>"},"name":"test","photoUrls":["string"],"tags":[{"id":0,"name":"<tag>"}],"status":"pending"},{"id":74,"category":{"id":0,"name":"<categoryname>"},"name":"test","photoUrls":["string"],"tags":[{"id":0,"name":"<tag>"}],"status":"pending"},{"id":9223372016900017614,"category":{"id":69567970,"name":"incididunt ipsum"},"name":"doggie","photoUrls":["labore voluptate id","laboris magna"],"tags":[{"id":82157,"name":"elit"},{"id":99246779,"name":"eiusmod adipisicing"}],"status":"pending"},{"id":9834,"category":{"id":93998,"name":"ox"},"name":"Lee Nover","photoUrls":["www.felicitas-fay.info","www.ollie-hane.info"],"tags":[{"id":9572,"name":"Ji Fisher"}],"status":"pending"},{"id":62786,"category":{"id":95848,"name":"spider"},"name":"Ima Hogg","photoUrls":["www.krystle-williamson.name","www.katherina-herman.biz"],"tags":[{"id":20333,"name":"Anitra Torp"}],"status":"pending"},{"id":42990,"category":{"id":18385,"name":"muskrat"},"name":"Dennis Toffice","photoUrls":["www.herbert-fisher.info","www.sylvester-swift.co"],"tags":[{"id":34806,"name":"Genoveva Kshlerin"}],"status":"pending"}]
22/09/18 17:48:59 INFO restservice.RestAPIExecutor: Request Headers {accept=application/json, Content-Type=application/json}
22/09/18 17:48:59 INFO restservice.RestAPIExecutor: Request params key status value pending
22/09/18 17:48:59 INFO restservice.RestAPIExecutor: Response Body [{"id":1307,"category":{"id":0,"name":"string"},"name":"cat","photoUrls":["string"],"tags":[{"id":0,"name":"string"}],"status":"sold"},{"id":19602383,"category":{"id":-84898599,"name":"fish"},"name":"Nemo","photoUrls":["ipsum","https://img.poki.com/cdn-cgi/image/quality=78,width=600,height=600,fit=cover,f=auto/4206da66a0e5deca9115d19a4bc0c63f.png "],"tags":[{"id":-40199548,"name":"amet tempor in"},{"id":43153096,"name":"culpa velit"}],"status":"sold"},{"id":9,"category":{"id":0,"name":"cats"},"photoUrls":["string"],"tags":[{"id":0,"name":"string"}],"status":"sold"},{"id":9223372016900017613,"category":{"id":27759631,"name":"srayona"},"name":"alesha","photoUrls":["magna incididunt dolor","https://yandex.ru/images/search?pos=3&from=tabbar&img_url=http%3A%2F%2Fb1.filmpro.ru%2Fc%2F40594.jpg&text=алеша&rpt=simage&lr=213"],"tags":[{"id":5340729,"name":"sed laboris"},{"id":-63389601,"name":"Excepteur inc"}],"status":"sold"},{"id":38167,"category":{"id":57976,"name":"sardine"},"name":"Lisa Honda","photoUrls":["www.buster-swaniawski.name","www.ruben-franecki.co"],"tags":[{"id":44667,"name":"Frankie Russel"}],"status":"sold"},{"id":49071,"category":{"id":62909,"name":"rabbit"},"name":"Molly Kuehl","photoUrls":["www.levi-sporer.com","www.erick-king.name"],"tags":[{"id":66735,"name":"Ray Oberbrunner I"}],"status":"sold"}]
22/09/18 17:48:59 INFO restservice.RestAPIExecutor: Request Headers {accept=application/json, Content-Type=application/json}
22/09/18 17:48:59 INFO restservice.RestAPIExecutor: Request params key status value sold
]]></system-out>
  </testcase>
  <testcase name="getPetsByStatusTest[1, sold_status, 2, sold, ALL_VALID, 200, , org.testng.TestRunner@621b2650](6)" classname="com.sample.api.tests.PetsTests" time="4.156"/>
  <testcase name="createUsersTest[6, Null, 0, ALL_VALID, 400, , org.testng.TestRunner@1ad9e1ea](1)" classname="com.sample.api.tests.UsersTests" time="1.324">
    <failure message="response code not matching for create user expected [400] but found [405]" type="java.lang.AssertionError"><![CDATA[java.lang.AssertionError: response code not matching for create user expected [400] but found [405]
	at org.testng.Assert.fail(Assert.java:110)
	at org.testng.Assert.failNotEquals(Assert.java:1413)
	at org.testng.Assert.assertEqualsImpl(Assert.java:149)
	at org.testng.Assert.assertEquals(Assert.java:131)
	at com.sample.api.assertions.UsersAPIAssertions.assertCreateApiResponse(UsersAPIAssertions.java:14)
	at com.sample.api.tests.UsersTests.createUsersTest(UsersTests.java:125)
	at java.base/jdk.internal.reflect.DirectMethodHandleAccessor.invoke(DirectMethodHandleAccessor.java:104)
	at java.base/java.lang.reflect.Method.invoke(Method.java:577)
	at org.testng.internal.invokers.MethodInvocationHelper.invokeMethod(MethodInvocationHelper.java:139)
	at org.testng.internal.invokers.TestInvoker.invokeMethod(TestInvoker.java:677)
	at org.testng.internal.invokers.TestInvoker.invokeTestMethod(TestInvoker.java:221)
	at org.testng.internal.invokers.TestMethodWithDataProviderMethodWorker.call(TestMethodWithDataProviderMethodWorker.java:80)
	at org.testng.internal.invokers.TestMethodWithDataProviderMethodWorker.call(TestMethodWithDataProviderMethodWorker.java:17)
	at java.base/java.util.concurrent.FutureTask.run(FutureTask.java:264)
	at java.base/java.util.concurrent.Executors$RunnableAdapter.call(Executors.java:539)
	at java.base/java.util.concurrent.FutureTask.run(FutureTask.java:264)
	at java.base/java.util.concurrent.ThreadPoolExecutor.runWorker(ThreadPoolExecutor.java:1136)
	at java.base/java.util.concurrent.ThreadPoolExecutor$Worker.run(ThreadPoolExecutor.java:635)
	at java.base/java.lang.Thread.run(Thread.java:833)
]]></failure>
    <system-out><![CDATA[22/09/18 17:48:59 INFO restservice.RestAPIExecutor: Initilizing environment  QA
22/09/18 17:49:00 INFO restservice.RestAPIExecutor: startRow=0, endRow=4, startCol=0, endCol=7
22/09/18 17:49:00 INFO restservice.RestAPIExecutor: startRow=0, endRow=4, startCol=0, endCol=7
22/09/18 17:49:00 INFO restservice.RestAPIExecutor: startRow=0, endRow=7, startCol=0, endCol=7
22/09/18 17:49:00 INFO restservice.RestAPIExecutor: GET Request URLhttps://petstore.swagger.io/v2/user/{username}
22/09/18 17:49:00 INFO restservice.RestAPIExecutor: POST Request URLhttps://petstore.swagger.io/v2/user/createWithArray
22/09/18 17:49:00 INFO restservice.RestAPIExecutor: POST Request URLhttps://petstore.swagger.io/v2/user/createWithArray
22/09/18 17:49:00 INFO restservice.RestAPIExecutor: POST Request URLhttps://petstore.swagger.io/v2/user/createWithArray
22/09/18 17:49:00 INFO restservice.RestAPIExecutor: POST Request URLhttps://petstore.swagger.io/v2/user/createWithArray
22/09/18 17:49:00 INFO restservice.RestAPIExecutor: POST Request URLhttps://petstore.swagger.io/v2/user/createWithArray
22/09/18 17:49:00 INFO restservice.RestAPIExecutor: POST Request URLhttps://petstore.swagger.io/v2/user/createWithArray
22/09/18 17:49:00 INFO restservice.RestAPIExecutor: POST Request URLhttps://petstore.swagger.io/v2/user/createWithArray
22/09/18 17:49:00 INFO restservice.RestAPIExecutor: POST Request URLhttps://petstore.swagger.io/v2/user/createWithArray
22/09/18 17:49:00 INFO restservice.RestAPIExecutor: POST Request URLhttps://petstore.swagger.io/v2/user/createWithArray
22/09/18 17:49:00 INFO restservice.RestAPIExecutor: POST Request URLhttps://petstore.swagger.io/v2/user/createWithArray
22/09/18 17:49:00 INFO restservice.RestAPIExecutor: PUT Request URLhttps://petstore.swagger.io/v2/user/{username}
22/09/18 17:49:01 INFO restservice.RestAPIExecutor: Response Body {"code":405,"type":"unknown","message":"no data"}
22/09/18 17:49:01 INFO restservice.RestAPIExecutor: Request Headers {accept=application/json, Content-Type=application/json}
]]></system-out>
  </testcase>
  <testcase name="getUsersTest[2, NotExistingUser, 1, ALL_VALID, 404, , org.testng.TestRunner@4642b9ab](1)" classname="com.sample.api.tests.UsersTests" time="1.342">
    <system-out><![CDATA[22/09/18 17:49:01 INFO restservice.RestAPIExecutor: Response Body {"code":200,"type":"unknown","message":"ok"}
22/09/18 17:49:01 INFO restservice.RestAPIExecutor: Request Headers {accept=application/json, Content-Type=application/json}
22/09/18 17:49:01 INFO restservice.RestAPIExecutor: Request Body  [{"id":6334331,"username":"adina.schoen","firstName":"Kelvin","lastName":"Terry","email":"loralee.kutch@yahoo.com","password":"faxemrvio6nz1h","phone":"090-861-2427","userStatus":1},{"id":7392353,"username":"mitchell.bradtke","firstName":"Stepanie","lastName":"Feeney","email":"rosalinda.metz@yahoo.com","password":"b1dg9l0klr","phone":"1-913-777-2462","userStatus":1},{"id":2697608,"username":"shirly.weber","firstName":"Seymour","lastName":"Muller","email":"lincoln.schmeler@yahoo.com","password":"xiecdnotl","phone":"226.402.5760 x178","userStatus":1}]
22/09/18 17:49:01 INFO restservice.RestAPIExecutor: GET Request URLhttps://petstore.swagger.io/v2/user/{username}
22/09/18 17:49:01 INFO restservice.RestAPIExecutor: Response Body {"code":1,"type":"error","message":"User not found"}
22/09/18 17:49:01 INFO restservice.RestAPIExecutor: Request Headers {accept=application/json, Content-Type=application/json}
]]></system-out>
  </testcase>
  <testcase name="createUsersTest[5, OneValid&amp;OneMissing_username, 2, ALL_VALID, 207, , org.testng.TestRunner@1ad9e1ea](2)" classname="com.sample.api.tests.UsersTests" time="1.359">
    <failure message="response code not matching for create user expected [207] but found [200]" type="java.lang.AssertionError"><![CDATA[java.lang.AssertionError: response code not matching for create user expected [207] but found [200]
	at org.testng.Assert.fail(Assert.java:110)
	at org.testng.Assert.failNotEquals(Assert.java:1413)
	at org.testng.Assert.assertEqualsImpl(Assert.java:149)
	at org.testng.Assert.assertEquals(Assert.java:131)
	at com.sample.api.assertions.UsersAPIAssertions.assertCreateApiResponse(UsersAPIAssertions.java:14)
	at com.sample.api.tests.UsersTests.createUsersTest(UsersTests.java:125)
	at java.base/jdk.internal.reflect.DirectMethodHandleAccessor.invoke(DirectMethodHandleAccessor.java:104)
	at java.base/java.lang.reflect.Method.invoke(Method.java:577)
	at org.testng.internal.invokers.MethodInvocationHelper.invokeMethod(MethodInvocationHelper.java:139)
	at org.testng.internal.invokers.TestInvoker.invokeMethod(TestInvoker.java:677)
	at org.testng.internal.invokers.TestInvoker.invokeTestMethod(TestInvoker.java:221)
	at org.testng.internal.invokers.TestMethodWithDataProviderMethodWorker.call(TestMethodWithDataProviderMethodWorker.java:80)
	at org.testng.internal.invokers.TestMethodWithDataProviderMethodWorker.call(TestMethodWithDataProviderMethodWorker.java:17)
	at java.base/java.util.concurrent.FutureTask.run(FutureTask.java:264)
	at java.base/java.util.concurrent.Executors$RunnableAdapter.call(Executors.java:539)
	at java.base/java.util.concurrent.FutureTask.run(FutureTask.java:264)
	at java.base/java.util.concurrent.ThreadPoolExecutor.runWorker(ThreadPoolExecutor.java:1136)
	at java.base/java.util.concurrent.ThreadPoolExecutor$Worker.run(ThreadPoolExecutor.java:635)
	at java.base/java.lang.Thread.run(Thread.java:833)
]]></failure>
    <system-out><![CDATA[22/09/18 17:49:01 INFO restservice.RestAPIExecutor: Response Body {"code":200,"type":"unknown","message":"ok"}
22/09/18 17:49:01 INFO restservice.RestAPIExecutor: Request Headers {accept=application/json, Content-Type=application/json}
22/09/18 17:49:01 INFO restservice.RestAPIExecutor: Request Body  [{"id":2863303,"username":"gertrud.bradtke","firstName":"Manda","lastName":"Mann","email":"hannah.breitenberg@gmail.com","password":"ouqhfsrr","phone":"247.183.1357","userStatus":1}]
22/09/18 17:49:01 INFO restservice.RestAPIExecutor: GET Request URLhttps://petstore.swagger.io/v2/user/{username}
22/09/18 17:49:01 INFO restservice.RestAPIExecutor: Response Body {"code":200,"type":"unknown","message":"ok"}
22/09/18 17:49:01 INFO restservice.RestAPIExecutor: Request Headers {accept=application/json, Content-Type=application/json}
22/09/18 17:49:01 INFO restservice.RestAPIExecutor: Request Body  [{"id":1966489,"username":"anja.swift","firstName":"Daren","email":"merrilee.reichert@gmail.com","password":"0992acqdmt","phone":"1-711-423-1488 x906","userStatus":1}]
22/09/18 17:49:01 INFO restservice.RestAPIExecutor: Response Body {"code":200,"type":"unknown","message":"ok"}
22/09/18 17:49:01 INFO restservice.RestAPIExecutor: Request Headers {accept=application/json, Content-Type=application/json}
22/09/18 17:49:01 INFO restservice.RestAPIExecutor: Request Body  [{"id":3416854,"username":"misti.champlin","firstName":"Leigh","email":"riley.davis@yahoo.com","password":"zgzu61vsbm7kxj","phone":"541.218.1479 x458","userStatus":1}]
22/09/18 17:49:01 INFO restservice.RestAPIExecutor: GET Request URLhttps://petstore.swagger.io/v2/user/{username}
22/09/18 17:49:01 INFO restservice.RestAPIExecutor: PUT Request URLhttps://petstore.swagger.io/v2/user/{username}
22/09/18 17:49:01 INFO restservice.RestAPIExecutor: Response Body {"code":200,"type":"unknown","message":"ok"}
22/09/18 17:49:01 INFO restservice.RestAPIExecutor: Request Headers {accept=application/json, Content-Type=application/json}
22/09/18 17:49:01 INFO restservice.RestAPIExecutor: Request Body  [{"id":4892856,"username":"ismael.fritsch","firstName":"Noe","lastName":"Schinner","email":"tina.nitzsche@hotmail.com","password":"17qlahvapt5p3z5","phone":"669-486-2643 x2109","userStatus":1},{"id":5969758,"username":"laverne.hayes","firstName":"Elmo","lastName":"Steuber","email":"williams.olson@hotmail.com","password":"1c9kpfy6hsyvp36","phone":"540-674-4863","userStatus":1}]
]]></system-out>
  </testcase>
  <testcase name="updateUsersTest[2, NotExistingUser, 1, ALL_VALID, 404, , org.testng.TestRunner@6914683e](1)" classname="com.sample.api.tests.UsersTests" time="1.359">
    <failure message="response code not matching for get api  expected [404] but found [200]" type="java.lang.AssertionError"><![CDATA[java.lang.AssertionError: response code not matching for get api  expected [404] but found [200]
	at org.testng.Assert.fail(Assert.java:110)
	at org.testng.Assert.failNotEquals(Assert.java:1413)
	at org.testng.Assert.assertEqualsImpl(Assert.java:149)
	at org.testng.Assert.assertEquals(Assert.java:131)
	at com.sample.api.assertions.UsersAPIAssertions.assertUpdateUserAPIResponse(UsersAPIAssertions.java:39)
	at com.sample.api.tests.UsersTests.updateUsersTest(UsersTests.java:161)
	at java.base/jdk.internal.reflect.DirectMethodHandleAccessor.invoke(DirectMethodHandleAccessor.java:104)
	at java.base/java.lang.reflect.Method.invoke(Method.java:577)
	at org.testng.internal.invokers.MethodInvocationHelper.invokeMethod(MethodInvocationHelper.java:139)
	at org.testng.internal.invokers.TestInvoker.invokeMethod(TestInvoker.java:677)
	at org.testng.internal.invokers.TestInvoker.invokeTestMethod(TestInvoker.java:221)
	at org.testng.internal.invokers.TestMethodWithDataProviderMethodWorker.call(TestMethodWithDataProviderMethodWorker.java:80)
	at org.testng.internal.invokers.TestMethodWithDataProviderMethodWorker.call(TestMethodWithDataProviderMethodWorker.java:17)
	at java.base/java.util.concurrent.FutureTask.run(FutureTask.java:264)
	at java.base/java.util.concurrent.Executors$RunnableAdapter.call(Executors.java:539)
	at java.base/java.util.concurrent.FutureTask.run(FutureTask.java:264)
	at java.base/java.util.concurrent.ThreadPoolExecutor.runWorker(ThreadPoolExecutor.java:1136)
	at java.base/java.util.concurrent.ThreadPoolExecutor$Worker.run(ThreadPoolExecutor.java:635)
	at java.base/java.lang.Thread.run(Thread.java:833)
]]></failure>
    <system-out><![CDATA[22/09/18 17:49:01 INFO restservice.RestAPIExecutor: Response Body {"code":200,"type":"unknown","message":"73528"}
22/09/18 17:49:01 INFO restservice.RestAPIExecutor: Request Headers {accept=application/json, Content-Type=application/json}
22/09/18 17:49:01 INFO restservice.RestAPIExecutor: Request Body  {"id":73528,"username":"charissa.mohr","firstName":"Tawnya","lastName":"Braun","email":"augustine.schoen@yahoo.com","password":"8hjng7o4","phone":"522.721.9450","userStatus":1}
]]></system-out>
  </testcase>
  <testcase name="createUsersTest[2, Missing_id, 1, ALL_VALID, 400, None, org.testng.TestRunner@1ad9e1ea](3)" classname="com.sample.api.tests.UsersTests" time="1.365">
    <failure message="response code not matching for create user expected [400] but found [200]" type="java.lang.AssertionError"><![CDATA[java.lang.AssertionError: response code not matching for create user expected [400] but found [200]
	at org.testng.Assert.fail(Assert.java:110)
	at org.testng.Assert.failNotEquals(Assert.java:1413)
	at org.testng.Assert.assertEqualsImpl(Assert.java:149)
	at org.testng.Assert.assertEquals(Assert.java:131)
	at com.sample.api.assertions.UsersAPIAssertions.assertCreateApiResponse(UsersAPIAssertions.java:14)
	at com.sample.api.tests.UsersTests.createUsersTest(UsersTests.java:125)
	at java.base/jdk.internal.reflect.DirectMethodHandleAccessor.invoke(DirectMethodHandleAccessor.java:104)
	at java.base/java.lang.reflect.Method.invoke(Method.java:577)
	at org.testng.internal.invokers.MethodInvocationHelper.invokeMethod(MethodInvocationHelper.java:139)
	at org.testng.internal.invokers.TestInvoker.invokeMethod(TestInvoker.java:677)
	at org.testng.internal.invokers.TestInvoker.invokeTestMethod(TestInvoker.java:221)
	at org.testng.internal.invokers.TestMethodWithDataProviderMethodWorker.call(TestMethodWithDataProviderMethodWorker.java:80)
	at org.testng.internal.invokers.TestMethodWithDataProviderMethodWorker.call(TestMethodWithDataProviderMethodWorker.java:17)
	at java.base/java.util.concurrent.FutureTask.run(FutureTask.java:264)
	at java.base/java.util.concurrent.Executors$RunnableAdapter.call(Executors.java:539)
	at java.base/java.util.concurrent.FutureTask.run(FutureTask.java:264)
	at java.base/java.util.concurrent.ThreadPoolExecutor.runWorker(ThreadPoolExecutor.java:1136)
	at java.base/java.util.concurrent.ThreadPoolExecutor$Worker.run(ThreadPoolExecutor.java:635)
	at java.base/java.lang.Thread.run(Thread.java:833)
]]></failure>
    <system-out><![CDATA[22/09/18 17:49:01 INFO restservice.RestAPIExecutor: Response Body {"code":200,"type":"unknown","message":"ok"}
22/09/18 17:49:01 INFO restservice.RestAPIExecutor: Request Headers {accept=application/json, Content-Type=application/json}
22/09/18 17:49:01 INFO restservice.RestAPIExecutor: Request Body  [{"username":"calvin.dubuque","firstName":"Janeen","lastName":"Franecki","email":"kayla.hermann@hotmail.com","password":"yxs13wgwsm3201b","phone":"981-910-8528","userStatus":1}]
]]></system-out>
  </testcase>
  <testcase name="createUsersTest[4, OneValid&amp;OneMissing_email, 2, ALL_VALID, 207, , org.testng.TestRunner@1ad9e1ea](4)" classname="com.sample.api.tests.UsersTests" time="1.696">
    <failure message="response code not matching for create user expected [207] but found [200]" type="java.lang.AssertionError"><![CDATA[java.lang.AssertionError: response code not matching for create user expected [207] but found [200]
	at org.testng.Assert.fail(Assert.java:110)
	at org.testng.Assert.failNotEquals(Assert.java:1413)
	at org.testng.Assert.assertEqualsImpl(Assert.java:149)
	at org.testng.Assert.assertEquals(Assert.java:131)
	at com.sample.api.assertions.UsersAPIAssertions.assertCreateApiResponse(UsersAPIAssertions.java:14)
	at com.sample.api.tests.UsersTests.createUsersTest(UsersTests.java:125)
	at java.base/jdk.internal.reflect.DirectMethodHandleAccessor.invoke(DirectMethodHandleAccessor.java:104)
	at java.base/java.lang.reflect.Method.invoke(Method.java:577)
	at org.testng.internal.invokers.MethodInvocationHelper.invokeMethod(MethodInvocationHelper.java:139)
	at org.testng.internal.invokers.TestInvoker.invokeMethod(TestInvoker.java:677)
	at org.testng.internal.invokers.TestInvoker.invokeTestMethod(TestInvoker.java:221)
	at org.testng.internal.invokers.TestMethodWithDataProviderMethodWorker.call(TestMethodWithDataProviderMethodWorker.java:80)
	at org.testng.internal.invokers.TestMethodWithDataProviderMethodWorker.call(TestMethodWithDataProviderMethodWorker.java:17)
	at java.base/java.util.concurrent.FutureTask.run(FutureTask.java:264)
	at java.base/java.util.concurrent.Executors$RunnableAdapter.call(Executors.java:539)
	at java.base/java.util.concurrent.FutureTask.run(FutureTask.java:264)
	at java.base/java.util.concurrent.ThreadPoolExecutor.runWorker(ThreadPoolExecutor.java:1136)
	at java.base/java.util.concurrent.ThreadPoolExecutor$Worker.run(ThreadPoolExecutor.java:635)
	at java.base/java.lang.Thread.run(Thread.java:833)
]]></failure>
    <system-out><![CDATA[22/09/18 17:49:01 INFO restservice.RestAPIExecutor: Response Body {"code":200,"type":"unknown","message":"ok"}
22/09/18 17:49:01 INFO restservice.RestAPIExecutor: Request Headers {accept=application/json, Content-Type=application/json}
22/09/18 17:49:01 INFO restservice.RestAPIExecutor: Request Body  [{"id":262817,"username":"lavern.borer","firstName":"Carlton","lastName":"Mitchell","email":"ryan.purdy@yahoo.com","password":"5gg8lcjy2","phone":"(435) 947-1678","userStatus":1}]
22/09/18 17:49:01 INFO restservice.RestAPIExecutor: PUT Request URLhttps://petstore.swagger.io/v2/user/{username}
22/09/18 17:49:01 INFO restservice.RestAPIExecutor: Response Body {"code":200,"type":"unknown","message":"ok"}
22/09/18 17:49:01 INFO restservice.RestAPIExecutor: Request Headers {accept=application/json, Content-Type=application/json}
22/09/18 17:49:01 INFO restservice.RestAPIExecutor: Request Body  [{"id":720638,"username":"yuki.huel","firstName":"Marc","lastName":"Torp","email":"dee.little@yahoo.com","password":"k70pkbyyfxkb","phone":"204-292-7725","userStatus":1}]
22/09/18 17:49:01 INFO restservice.RestAPIExecutor: Response Body {"code":200,"type":"unknown","message":"ok"}
22/09/18 17:49:01 INFO restservice.RestAPIExecutor: Request Headers {accept=application/json, Content-Type=application/json}
22/09/18 17:49:01 INFO restservice.RestAPIExecutor: Request Body  [{"id":5798533,"username":"annabelle.oconner","firstName":"Teodora","lastName":"Witting","email":"berniece.herman@yahoo.com","password":"cdw238hudtxynku","phone":"927-278-7171 x804","userStatus":1},{"id":1324722,"username":"dominique.mcclure","firstName":"Basil","lastName":"Zulauf","email":"thelma.huel@gmail.com","password":"y2f2qatozkn2","phone":"244-604-3635 x01683","userStatus":1}]
22/09/18 17:49:01 INFO restservice.RestAPIExecutor: GET Request URLhttps://petstore.swagger.io/v2/user/{username}
]]></system-out>
  </testcase>
  <testcase name="getUsersTest[2, Missing_lastName, 1, ALL_VALID, 200, , org.testng.TestRunner@4642b9ab](2)" classname="com.sample.api.tests.UsersTests" time="2.657">
    <system-out><![CDATA[22/09/18 17:49:02 INFO restservice.RestAPIExecutor: Response Body {"code":200,"type":"unknown","message":"3416854"}
22/09/18 17:49:02 INFO restservice.RestAPIExecutor: Request Headers {accept=application/json, Content-Type=application/json}
22/09/18 17:49:02 INFO restservice.RestAPIExecutor: Request Body  {"id":3416854,"username":"misti.champlin","firstName":"Leigh","email":"riley.davis@yahoo.com","password":"zgzu61vsbm7kxj","phone":"541.218.1479 x458","userStatus":1}
22/09/18 17:49:02 INFO restservice.RestAPIExecutor: Response Body {"id":6334331,"username":"adina.schoen","firstName":"Kelvin","lastName":"Terry","email":"loralee.kutch@yahoo.com","password":"faxemrvio6nz1h","phone":"090-861-2427","userStatus":1}
22/09/18 17:49:02 INFO restservice.RestAPIExecutor: Request Headers {accept=application/json, Content-Type=application/json}
22/09/18 17:49:02 INFO restservice.RestAPIExecutor: GET Request URLhttps://petstore.swagger.io/v2/user/{username}
22/09/18 17:49:02 INFO restservice.RestAPIExecutor: GET Request URLhttps://petstore.swagger.io/v2/user/{username}
22/09/18 17:49:02 INFO restservice.RestAPIExecutor: Response Body {"id":1966489,"username":"anja.swift","firstName":"Daren","email":"merrilee.reichert@gmail.com","password":"0992acqdmt","phone":"1-711-423-1488 x906","userStatus":1}
22/09/18 17:49:02 INFO restservice.RestAPIExecutor: Request Headers {accept=application/json, Content-Type=application/json}
]]></system-out>
  </testcase>
  <testcase name="getUsersTest[1, ValidUser, 1, ALL_VALID, 200, , org.testng.TestRunner@4642b9ab](3)" classname="com.sample.api.tests.UsersTests" time="2.658">
    <system-out><![CDATA[22/09/18 17:49:02 INFO restservice.RestAPIExecutor: Response Body {"id":2863303,"username":"gertrud.bradtke","firstName":"Manda","lastName":"Mann","email":"hannah.breitenberg@gmail.com","password":"ouqhfsrr","phone":"247.183.1357","userStatus":1}
22/09/18 17:49:02 INFO restservice.RestAPIExecutor: Request Headers {accept=application/json, Content-Type=application/json}
]]></system-out>
  </testcase>
  <testcase name="createUsersTest[1, ValidUser, 1, ALL_VALID, 200, None, org.testng.TestRunner@1ad9e1ea](5)" classname="com.sample.api.tests.UsersTests" time="3.043">
    <system-out><![CDATA[22/09/18 17:49:02 INFO restservice.RestAPIExecutor: Response Body {"code":200,"type":"unknown","message":"262817"}
22/09/18 17:49:02 INFO restservice.RestAPIExecutor: Request Headers {accept=application/json, Content-Type=application/json}
22/09/18 17:49:02 INFO restservice.RestAPIExecutor: Request Body  {"id":262817,"username":"lavern.borer","firstName":"Carlton","lastName":"Mitchell","email":"ryan.purdy@yahoo.com","password":"5gg8lcjy2","phone":"(435) 947-1678","userStatus":1}
22/09/18 17:49:02 INFO restservice.RestAPIExecutor: GET Request URLhttps://petstore.swagger.io/v2/user/{username}
22/09/18 17:49:03 INFO restservice.RestAPIExecutor: Response Body {"id":720638,"username":"yuki.huel","firstName":"Marc","lastName":"Torp","email":"dee.little@yahoo.com","password":"k70pkbyyfxkb","phone":"204-292-7725","userStatus":1}
22/09/18 17:49:03 INFO restservice.RestAPIExecutor: Request Headers {accept=application/json, Content-Type=application/json}
]]></system-out>
  </testcase>
  <testcase name="updateUsersTest[1, ValidUser, 1, ALL_VALID, 200, , org.testng.TestRunner@6914683e](2)" classname="com.sample.api.tests.UsersTests" time="3.973">
    <system-out><![CDATA[22/09/18 17:49:03 INFO restservice.RestAPIExecutor: Response Body {"id":262817,"username":"lavern.borer","firstName":"Carlton","lastName":"Mitchell","email":"ryan.purdy@yahoo.com","password":"5gg8lcjy2","phone":"(435) 947-1678","userStatus":1}
22/09/18 17:49:03 INFO restservice.RestAPIExecutor: Request Headers {accept=application/json, Content-Type=application/json}
22/09/18 17:49:04 INFO restservice.RestAPIExecutor: Response Body {"id":3416854,"username":"misti.champlin","firstName":"Leigh","email":"riley.davis@yahoo.com","password":"zgzu61vsbm7kxj","phone":"541.218.1479 x458","userStatus":1}
22/09/18 17:49:04 INFO restservice.RestAPIExecutor: Request Headers {accept=application/json, Content-Type=application/json}
]]></system-out>
  </testcase>
  <testcase name="updateUsersTest[2, Missing_lastName, 1, ALL_VALID, 200, , org.testng.TestRunner@6914683e](3)" classname="com.sample.api.tests.UsersTests" time="3.973"/>
  <testcase name="createUsersTest[3, ValidUser, 3, ALL_VALID, 200, , org.testng.TestRunner@1ad9e1ea](6)" classname="com.sample.api.tests.UsersTests" time="5.268">
    <system-out><![CDATA[22/09/18 17:49:04 INFO restservice.RestAPIExecutor: Response Body {"id":7392353,"username":"mitchell.bradtke","firstName":"Stepanie","lastName":"Feeney","email":"rosalinda.metz@yahoo.com","password":"b1dg9l0klr","phone":"1-913-777-2462","userStatus":1}
22/09/18 17:49:04 INFO restservice.RestAPIExecutor: Request Headers {accept=application/json, Content-Type=application/json}
22/09/18 17:49:04 INFO restservice.RestAPIExecutor: GET Request URLhttps://petstore.swagger.io/v2/user/{username}
22/09/18 17:49:05 INFO restservice.RestAPIExecutor: Response Body {"id":2697608,"username":"shirly.weber","firstName":"Seymour","lastName":"Muller","email":"lincoln.schmeler@yahoo.com","password":"xiecdnotl","phone":"226.402.5760 x178","userStatus":1}
22/09/18 17:49:05 INFO restservice.RestAPIExecutor: Request Headers {accept=application/json, Content-Type=application/json}
]]></system-out>
  </testcase>
</testsuite>